{"/Users/Andy/Workspace/Web/flapjs/src/components/app/App.jsx": {"path":"/Users/Andy/Workspace/Web/flapjs/src/components/app/App.jsx","statementMap":{"0":{"start":{"line":24,"column":8},"end":{"line":24,"column":21}},"1":{"start":{"line":26,"column":8},"end":{"line":28,"column":10}},"2":{"start":{"line":30,"column":8},"end":{"line":30,"column":40}},"3":{"start":{"line":36,"column":22},"end":{"line":36,"column":32}},"4":{"start":{"line":37,"column":22},"end":{"line":37,"column":32}},"5":{"start":{"line":39,"column":8},"end":{"line":131,"column":10}},"6":{"start":{"line":45,"column":47},"end":{"line":45,"column":102}},"7":{"start":{"line":45,"column":71},"end":{"line":45,"column":99}},"8":{"start":{"line":53,"column":45},"end":{"line":53,"column":87}},"9":{"start":{"line":54,"column":50},"end":{"line":54,"column":99}},"10":{"start":{"line":56,"column":32},"end":{"line":125,"column":34}},"11":{"start":{"line":59,"column":44},"end":{"line":60,"column":50}},"12":{"start":{"line":62,"column":44},"end":{"line":122,"column":60}},"13":{"start":{"line":65,"column":52},"end":{"line":79,"column":58}},"14":{"start":{"line":66,"column":101},"end":{"line":66,"column":128}},"15":{"start":{"line":69,"column":101},"end":{"line":69,"column":128}},"16":{"start":{"line":72,"column":101},"end":{"line":72,"column":128}},"17":{"start":{"line":76,"column":101},"end":{"line":76,"column":128}},"18":{"start":{"line":86,"column":56},"end":{"line":116,"column":62}},"19":{"start":{"line":87,"column":85},"end":{"line":87,"column":116}},"20":{"start":{"line":135,"column":0},"end":{"line":137,"column":2}},"21":{"start":{"line":138,"column":0},"end":{"line":139,"column":2}}},"fnMap":{"0":{"name":"(anonymous_0)","decl":{"start":{"line":22,"column":4},"end":{"line":22,"column":5}},"loc":{"start":{"line":23,"column":4},"end":{"line":31,"column":5}},"line":23},"1":{"name":"(anonymous_1)","decl":{"start":{"line":34,"column":4},"end":{"line":34,"column":5}},"loc":{"start":{"line":35,"column":4},"end":{"line":132,"column":5}},"line":35},"2":{"name":"(anonymous_2)","decl":{"start":{"line":45,"column":41},"end":{"line":45,"column":42}},"loc":{"start":{"line":45,"column":47},"end":{"line":45,"column":102}},"line":45},"3":{"name":"(anonymous_3)","decl":{"start":{"line":45,"column":61},"end":{"line":45,"column":62}},"loc":{"start":{"line":45,"column":69},"end":{"line":45,"column":101}},"line":45},"4":{"name":"(anonymous_4)","decl":{"start":{"line":51,"column":28},"end":{"line":51,"column":29}},"loc":{"start":{"line":52,"column":28},"end":{"line":126,"column":29}},"line":52},"5":{"name":"(anonymous_5)","decl":{"start":{"line":58,"column":58},"end":{"line":58,"column":59}},"loc":{"start":{"line":59,"column":44},"end":{"line":60,"column":50}},"line":59},"6":{"name":"(anonymous_6)","decl":{"start":{"line":61,"column":58},"end":{"line":61,"column":59}},"loc":{"start":{"line":62,"column":44},"end":{"line":122,"column":60}},"line":62},"7":{"name":"(anonymous_7)","decl":{"start":{"line":64,"column":65},"end":{"line":64,"column":66}},"loc":{"start":{"line":65,"column":52},"end":{"line":79,"column":58}},"line":65},"8":{"name":"(anonymous_8)","decl":{"start":{"line":66,"column":95},"end":{"line":66,"column":96}},"loc":{"start":{"line":66,"column":101},"end":{"line":66,"column":128}},"line":66},"9":{"name":"(anonymous_9)","decl":{"start":{"line":69,"column":95},"end":{"line":69,"column":96}},"loc":{"start":{"line":69,"column":101},"end":{"line":69,"column":128}},"line":69},"10":{"name":"(anonymous_10)","decl":{"start":{"line":72,"column":95},"end":{"line":72,"column":96}},"loc":{"start":{"line":72,"column":101},"end":{"line":72,"column":128}},"line":72},"11":{"name":"(anonymous_11)","decl":{"start":{"line":76,"column":95},"end":{"line":76,"column":96}},"loc":{"start":{"line":76,"column":101},"end":{"line":76,"column":128}},"line":76},"12":{"name":"(anonymous_12)","decl":{"start":{"line":85,"column":68},"end":{"line":85,"column":69}},"loc":{"start":{"line":86,"column":56},"end":{"line":116,"column":62}},"line":86},"13":{"name":"(anonymous_13)","decl":{"start":{"line":87,"column":79},"end":{"line":87,"column":80}},"loc":{"start":{"line":87,"column":85},"end":{"line":87,"column":116}},"line":87}},"branchMap":{"0":{"loc":{"start":{"line":40,"column":47},"end":{"line":40,"column":68}},"type":"binary-expr","locations":[{"start":{"line":40,"column":47},"end":{"line":40,"column":62}},{"start":{"line":40,"column":66},"end":{"line":40,"column":68}}],"line":40},"1":{"loc":{"start":{"line":53,"column":45},"end":{"line":53,"column":87}},"type":"cond-expr","locations":[{"start":{"line":53,"column":69},"end":{"line":53,"column":76}},{"start":{"line":53,"column":79},"end":{"line":53,"column":87}}],"line":53},"2":{"loc":{"start":{"line":54,"column":50},"end":{"line":54,"column":99}},"type":"cond-expr","locations":[{"start":{"line":54,"column":74},"end":{"line":54,"column":86}},{"start":{"line":54,"column":89},"end":{"line":54,"column":99}}],"line":54}},"s":{"0":2,"1":2,"2":2,"3":2,"4":2,"5":2,"6":0,"7":0,"8":1,"9":1,"10":1,"11":1,"12":1,"13":1,"14":0,"15":0,"16":0,"17":0,"18":1,"19":5,"20":2,"21":2},"f":{"0":2,"1":2,"2":0,"3":0,"4":1,"5":1,"6":1,"7":1,"8":0,"9":0,"10":0,"11":0,"12":1,"13":5},"b":{"0":[2,2],"1":[1,0],"2":[1,0]},"_coverageSchema":"43e27e138ebf9cfc5966b082cf9a028302ed4184","hash":"f2b857ee1cb3e44ed9d7ecd930334f84a65cdc5c"}
,"/Users/Andy/Workspace/Web/flapjs/src/components/app/FlexibleOrientationLayout.jsx": {"path":"/Users/Andy/Workspace/Web/flapjs/src/components/app/FlexibleOrientationLayout.jsx","statementMap":{"0":{"start":{"line":13,"column":8},"end":{"line":13,"column":21}},"1":{"start":{"line":15,"column":8},"end":{"line":18,"column":10}},"2":{"start":{"line":21,"column":8},"end":{"line":21,"column":35}},"3":{"start":{"line":23,"column":8},"end":{"line":23,"column":61}},"4":{"start":{"line":29,"column":8},"end":{"line":29,"column":70}},"5":{"start":{"line":35,"column":8},"end":{"line":35,"column":66}},"6":{"start":{"line":40,"column":8},"end":{"line":49,"column":9}},"7":{"start":{"line":42,"column":12},"end":{"line":42,"column":44}},"8":{"start":{"line":43,"column":12},"end":{"line":48,"column":36}},"9":{"start":{"line":45,"column":16},"end":{"line":45,"column":43}},"10":{"start":{"line":46,"column":16},"end":{"line":46,"column":49}},"11":{"start":{"line":51,"column":8},"end":{"line":64,"column":9}},"12":{"start":{"line":53,"column":12},"end":{"line":56,"column":13}},"13":{"start":{"line":55,"column":16},"end":{"line":55,"column":57}},"14":{"start":{"line":60,"column":12},"end":{"line":63,"column":13}},"15":{"start":{"line":62,"column":16},"end":{"line":62,"column":54}},"16":{"start":{"line":70,"column":22},"end":{"line":70,"column":32}},"17":{"start":{"line":71,"column":22},"end":{"line":71,"column":32}},"18":{"start":{"line":73,"column":8},"end":{"line":79,"column":10}},"19":{"start":{"line":83,"column":0},"end":{"line":88,"column":2}},"20":{"start":{"line":89,"column":0},"end":{"line":92,"column":2}}},"fnMap":{"0":{"name":"(anonymous_0)","decl":{"start":{"line":11,"column":4},"end":{"line":11,"column":5}},"loc":{"start":{"line":12,"column":4},"end":{"line":24,"column":5}},"line":12},"1":{"name":"(anonymous_1)","decl":{"start":{"line":27,"column":4},"end":{"line":27,"column":5}},"loc":{"start":{"line":28,"column":4},"end":{"line":30,"column":5}},"line":28},"2":{"name":"(anonymous_2)","decl":{"start":{"line":33,"column":4},"end":{"line":33,"column":5}},"loc":{"start":{"line":34,"column":4},"end":{"line":36,"column":5}},"line":34},"3":{"name":"(anonymous_3)","decl":{"start":{"line":38,"column":4},"end":{"line":38,"column":5}},"loc":{"start":{"line":39,"column":4},"end":{"line":65,"column":5}},"line":39},"4":{"name":"(anonymous_4)","decl":{"start":{"line":43,"column":45},"end":{"line":43,"column":46}},"loc":{"start":{"line":44,"column":12},"end":{"line":47,"column":13}},"line":44},"5":{"name":"(anonymous_5)","decl":{"start":{"line":68,"column":4},"end":{"line":68,"column":5}},"loc":{"start":{"line":69,"column":4},"end":{"line":80,"column":5}},"line":69}},"branchMap":{"0":{"loc":{"start":{"line":40,"column":8},"end":{"line":49,"column":9}},"type":"if","locations":[{"start":{"line":40,"column":8},"end":{"line":49,"column":9}},{"start":{"line":40,"column":8},"end":{"line":49,"column":9}}],"line":40},"1":{"loc":{"start":{"line":51,"column":8},"end":{"line":64,"column":9}},"type":"if","locations":[{"start":{"line":51,"column":8},"end":{"line":64,"column":9}},{"start":{"line":51,"column":8},"end":{"line":64,"column":9}}],"line":51},"2":{"loc":{"start":{"line":53,"column":12},"end":{"line":56,"column":13}},"type":"if","locations":[{"start":{"line":53,"column":12},"end":{"line":56,"column":13}},{"start":{"line":53,"column":12},"end":{"line":56,"column":13}}],"line":53},"3":{"loc":{"start":{"line":60,"column":12},"end":{"line":63,"column":13}},"type":"if","locations":[{"start":{"line":60,"column":12},"end":{"line":63,"column":13}},{"start":{"line":60,"column":12},"end":{"line":63,"column":13}}],"line":60},"4":{"loc":{"start":{"line":75,"column":19},"end":{"line":75,"column":40}},"type":"binary-expr","locations":[{"start":{"line":75,"column":19},"end":{"line":75,"column":34}},{"start":{"line":75,"column":38},"end":{"line":75,"column":40}}],"line":75},"5":{"loc":{"start":{"line":76,"column":19},"end":{"line":76,"column":50}},"type":"cond-expr","locations":[{"start":{"line":76,"column":34},"end":{"line":76,"column":45}},{"start":{"line":76,"column":48},"end":{"line":76,"column":50}}],"line":76}},"s":{"0":1,"1":1,"2":1,"3":1,"4":1,"5":1,"6":0,"7":0,"8":0,"9":0,"10":0,"11":0,"12":0,"13":0,"14":0,"15":0,"16":1,"17":1,"18":1,"19":2,"20":2},"f":{"0":1,"1":1,"2":1,"3":0,"4":0,"5":1},"b":{"0":[0,0],"1":[0,0],"2":[0,0],"3":[0,0],"4":[1,1],"5":[0,1]},"_coverageSchema":"43e27e138ebf9cfc5966b082cf9a028302ed4184","hash":"400bebb10f8dcee9bd9534d4548ba09e42ad33cc"}
,"/Users/Andy/Workspace/Web/flapjs/src/components/drawer/DrawerLayout.jsx": {"path":"/Users/Andy/Workspace/Web/flapjs/src/components/drawer/DrawerLayout.jsx","statementMap":{"0":{"start":{"line":6,"column":28},"end":{"line":6,"column":30}},"1":{"start":{"line":17,"column":8},"end":{"line":17,"column":21}},"2":{"start":{"line":19,"column":8},"end":{"line":22,"column":10}},"3":{"start":{"line":24,"column":8},"end":{"line":24,"column":43}},"4":{"start":{"line":26,"column":8},"end":{"line":26,"column":79}},"5":{"start":{"line":27,"column":8},"end":{"line":27,"column":77}},"6":{"start":{"line":28,"column":8},"end":{"line":28,"column":75}},"7":{"start":{"line":38,"column":8},"end":{"line":38,"column":76}},"8":{"start":{"line":39,"column":8},"end":{"line":39,"column":73}},"9":{"start":{"line":44,"column":21},"end":{"line":44,"column":36}},"10":{"start":{"line":45,"column":27},"end":{"line":45,"column":48}},"11":{"start":{"line":46,"column":29},"end":{"line":46,"column":52}},"12":{"start":{"line":47,"column":21},"end":{"line":47,"column":36}},"13":{"start":{"line":48,"column":29},"end":{"line":48,"column":75}},"14":{"start":{"line":51,"column":8},"end":{"line":67,"column":9}},"15":{"start":{"line":54,"column":16},"end":{"line":54,"column":77}},"16":{"start":{"line":55,"column":16},"end":{"line":55,"column":22}},"17":{"start":{"line":57,"column":16},"end":{"line":57,"column":79}},"18":{"start":{"line":58,"column":16},"end":{"line":58,"column":22}},"19":{"start":{"line":60,"column":16},"end":{"line":60,"column":77}},"20":{"start":{"line":61,"column":16},"end":{"line":61,"column":22}},"21":{"start":{"line":63,"column":16},"end":{"line":63,"column":81}},"22":{"start":{"line":64,"column":16},"end":{"line":64,"column":22}},"23":{"start":{"line":66,"column":16},"end":{"line":66,"column":66}},"24":{"start":{"line":70,"column":8},"end":{"line":70,"column":56}},"25":{"start":{"line":73,"column":8},"end":{"line":85,"column":9}},"26":{"start":{"line":76,"column":16},"end":{"line":76,"column":66}},"27":{"start":{"line":77,"column":16},"end":{"line":77,"column":22}},"28":{"start":{"line":79,"column":35},"end":{"line":79,"column":70}},"29":{"start":{"line":80,"column":16},"end":{"line":80,"column":129}},"30":{"start":{"line":81,"column":16},"end":{"line":81,"column":22}},"31":{"start":{"line":84,"column":16},"end":{"line":84,"column":76}},"32":{"start":{"line":88,"column":8},"end":{"line":91,"column":9}},"33":{"start":{"line":90,"column":12},"end":{"line":90,"column":43}},"34":{"start":{"line":96,"column":8},"end":{"line":96,"column":79}},"35":{"start":{"line":97,"column":8},"end":{"line":97,"column":76}},"36":{"start":{"line":115,"column":22},"end":{"line":115,"column":32}},"37":{"start":{"line":116,"column":22},"end":{"line":116,"column":32}},"38":{"start":{"line":118,"column":21},"end":{"line":118,"column":31}},"39":{"start":{"line":119,"column":21},"end":{"line":119,"column":31}},"40":{"start":{"line":120,"column":21},"end":{"line":120,"column":31}},"41":{"start":{"line":122,"column":27},"end":{"line":122,"column":62}},"42":{"start":{"line":124,"column":28},"end":{"line":127,"column":9}},"43":{"start":{"line":130,"column":12},"end":{"line":133,"column":40}},"44":{"start":{"line":136,"column":31},"end":{"line":138,"column":9}},"45":{"start":{"line":140,"column":8},"end":{"line":162,"column":10}},"46":{"start":{"line":168,"column":4},"end":{"line":174,"column":5}},"47":{"start":{"line":170,"column":8},"end":{"line":173,"column":9}},"48":{"start":{"line":172,"column":12},"end":{"line":172,"column":29}},"49":{"start":{"line":175,"column":4},"end":{"line":175,"column":17}},"50":{"start":{"line":180,"column":19},"end":{"line":180,"column":24}},"51":{"start":{"line":181,"column":22},"end":{"line":181,"column":30}},"52":{"start":{"line":183,"column":4},"end":{"line":191,"column":5}},"53":{"start":{"line":185,"column":8},"end":{"line":185,"column":47}},"54":{"start":{"line":186,"column":8},"end":{"line":190,"column":9}},"55":{"start":{"line":188,"column":12},"end":{"line":188,"column":35}},"56":{"start":{"line":189,"column":12},"end":{"line":189,"column":33}},"57":{"start":{"line":192,"column":4},"end":{"line":192,"column":20}},"58":{"start":{"line":195,"column":0},"end":{"line":211,"column":2}},"59":{"start":{"line":212,"column":0},"end":{"line":217,"column":2}}},"fnMap":{"0":{"name":"(anonymous_0)","decl":{"start":{"line":15,"column":4},"end":{"line":15,"column":5}},"loc":{"start":{"line":16,"column":4},"end":{"line":29,"column":5}},"line":16},"1":{"name":"(anonymous_1)","decl":{"start":{"line":31,"column":4},"end":{"line":31,"column":5}},"loc":{"start":{"line":32,"column":4},"end":{"line":34,"column":5}},"line":32},"2":{"name":"(anonymous_2)","decl":{"start":{"line":36,"column":4},"end":{"line":36,"column":5}},"loc":{"start":{"line":37,"column":4},"end":{"line":40,"column":5}},"line":37},"3":{"name":"(anonymous_3)","decl":{"start":{"line":42,"column":4},"end":{"line":42,"column":5}},"loc":{"start":{"line":43,"column":4},"end":{"line":92,"column":5}},"line":43},"4":{"name":"(anonymous_4)","decl":{"start":{"line":94,"column":4},"end":{"line":94,"column":5}},"loc":{"start":{"line":95,"column":4},"end":{"line":98,"column":5}},"line":95},"5":{"name":"(anonymous_5)","decl":{"start":{"line":101,"column":4},"end":{"line":101,"column":5}},"loc":{"start":{"line":102,"column":4},"end":{"line":104,"column":5}},"line":102},"6":{"name":"(anonymous_6)","decl":{"start":{"line":107,"column":4},"end":{"line":107,"column":5}},"loc":{"start":{"line":108,"column":4},"end":{"line":110,"column":5}},"line":108},"7":{"name":"(anonymous_7)","decl":{"start":{"line":113,"column":4},"end":{"line":113,"column":5}},"loc":{"start":{"line":114,"column":4},"end":{"line":163,"column":5}},"line":114},"8":{"name":"applySnapPointsWithinRange","decl":{"start":{"line":166,"column":9},"end":{"line":166,"column":35}},"loc":{"start":{"line":167,"column":0},"end":{"line":176,"column":1}},"line":167},"9":{"name":"applySnapPointsNearest","decl":{"start":{"line":178,"column":9},"end":{"line":178,"column":31}},"loc":{"start":{"line":179,"column":0},"end":{"line":193,"column":1}},"line":179}},"branchMap":{"0":{"loc":{"start":{"line":51,"column":8},"end":{"line":67,"column":9}},"type":"switch","locations":[{"start":{"line":53,"column":12},"end":{"line":55,"column":22}},{"start":{"line":56,"column":12},"end":{"line":58,"column":22}},{"start":{"line":59,"column":12},"end":{"line":61,"column":22}},{"start":{"line":62,"column":12},"end":{"line":64,"column":22}},{"start":{"line":65,"column":12},"end":{"line":66,"column":66}}],"line":51},"1":{"loc":{"start":{"line":73,"column":8},"end":{"line":85,"column":9}},"type":"switch","locations":[{"start":{"line":75,"column":12},"end":{"line":77,"column":22}},{"start":{"line":78,"column":12},"end":{"line":82,"column":13}},{"start":{"line":83,"column":12},"end":{"line":84,"column":76}}],"line":73},"2":{"loc":{"start":{"line":79,"column":35},"end":{"line":79,"column":70}},"type":"binary-expr","locations":[{"start":{"line":79,"column":35},"end":{"line":79,"column":50}},{"start":{"line":79,"column":54},"end":{"line":79,"column":70}}],"line":79},"3":{"loc":{"start":{"line":80,"column":70},"end":{"line":80,"column":123}},"type":"cond-expr","locations":[{"start":{"line":80,"column":83},"end":{"line":80,"column":101}},{"start":{"line":80,"column":104},"end":{"line":80,"column":123}}],"line":80},"4":{"loc":{"start":{"line":88,"column":8},"end":{"line":91,"column":9}},"type":"if","locations":[{"start":{"line":88,"column":8},"end":{"line":91,"column":9}},{"start":{"line":88,"column":8},"end":{"line":91,"column":9}}],"line":88},"5":{"loc":{"start":{"line":122,"column":27},"end":{"line":122,"column":62}},"type":"binary-expr","locations":[{"start":{"line":122,"column":27},"end":{"line":122,"column":42}},{"start":{"line":122,"column":46},"end":{"line":122,"column":62}}],"line":122},"6":{"loc":{"start":{"line":125,"column":19},"end":{"line":125,"column":51}},"type":"cond-expr","locations":[{"start":{"line":125,"column":32},"end":{"line":125,"column":42}},{"start":{"line":125,"column":45},"end":{"line":125,"column":51}}],"line":125},"7":{"loc":{"start":{"line":126,"column":20},"end":{"line":126,"column":53}},"type":"cond-expr","locations":[{"start":{"line":126,"column":34},"end":{"line":126,"column":44}},{"start":{"line":126,"column":47},"end":{"line":126,"column":53}}],"line":126},"8":{"loc":{"start":{"line":130,"column":12},"end":{"line":133,"column":40}},"type":"cond-expr","locations":[{"start":{"line":130,"column":30},"end":{"line":130,"column":35}},{"start":{"line":131,"column":16},"end":{"line":133,"column":40}}],"line":130},"9":{"loc":{"start":{"line":131,"column":16},"end":{"line":133,"column":40}},"type":"cond-expr","locations":[{"start":{"line":131,"column":35},"end":{"line":131,"column":48}},{"start":{"line":132,"column":20},"end":{"line":133,"column":40}}],"line":131},"10":{"loc":{"start":{"line":132,"column":20},"end":{"line":133,"column":40}},"type":"cond-expr","locations":[{"start":{"line":132,"column":37},"end":{"line":132,"column":45}},{"start":{"line":133,"column":24},"end":{"line":133,"column":40}}],"line":132},"11":{"loc":{"start":{"line":146,"column":33},"end":{"line":146,"column":54}},"type":"binary-expr","locations":[{"start":{"line":146,"column":33},"end":{"line":146,"column":48}},{"start":{"line":146,"column":52},"end":{"line":146,"column":54}}],"line":146},"12":{"loc":{"start":{"line":148,"column":27},"end":{"line":148,"column":46}},"type":"cond-expr","locations":[{"start":{"line":148,"column":34},"end":{"line":148,"column":41}},{"start":{"line":148,"column":44},"end":{"line":148,"column":46}}],"line":148},"13":{"loc":{"start":{"line":155,"column":25},"end":{"line":155,"column":71}},"type":"binary-expr","locations":[{"start":{"line":155,"column":25},"end":{"line":155,"column":43}},{"start":{"line":155,"column":47},"end":{"line":155,"column":71}}],"line":155},"14":{"loc":{"start":{"line":166,"column":55},"end":{"line":166,"column":69}},"type":"default-arg","locations":[{"start":{"line":166,"column":66},"end":{"line":166,"column":69}}],"line":166},"15":{"loc":{"start":{"line":166,"column":71},"end":{"line":166,"column":81}},"type":"default-arg","locations":[{"start":{"line":166,"column":79},"end":{"line":166,"column":81}}],"line":166},"16":{"loc":{"start":{"line":170,"column":8},"end":{"line":173,"column":9}},"type":"if","locations":[{"start":{"line":170,"column":8},"end":{"line":173,"column":9}},{"start":{"line":170,"column":8},"end":{"line":173,"column":9}}],"line":170},"17":{"loc":{"start":{"line":186,"column":8},"end":{"line":190,"column":9}},"type":"if","locations":[{"start":{"line":186,"column":8},"end":{"line":190,"column":9}},{"start":{"line":186,"column":8},"end":{"line":190,"column":9}}],"line":186}},"s":{"0":3,"1":3,"2":3,"3":3,"4":3,"5":3,"6":3,"7":0,"8":0,"9":0,"10":0,"11":0,"12":0,"13":0,"14":0,"15":0,"16":0,"17":0,"18":0,"19":0,"20":0,"21":0,"22":0,"23":0,"24":0,"25":0,"26":0,"27":0,"28":0,"29":0,"30":0,"31":0,"32":0,"33":0,"34":0,"35":0,"36":3,"37":3,"38":3,"39":3,"40":3,"41":3,"42":3,"43":3,"44":3,"45":3,"46":0,"47":0,"48":0,"49":0,"50":0,"51":0,"52":0,"53":0,"54":0,"55":0,"56":0,"57":0,"58":3,"59":3},"f":{"0":3,"1":0,"2":0,"3":0,"4":0,"5":3,"6":2,"7":3,"8":0,"9":0},"b":{"0":[0,0,0,0,0],"1":[0,0,0],"2":[0,0],"3":[0,0],"4":[0,0],"5":[3,1],"6":[3,0],"7":[0,3],"8":[2,1],"9":[1,0],"10":[0,0],"11":[3,3],"12":[3,0],"13":[3,2],"14":[0],"15":[0],"16":[0,0],"17":[0,0]},"_coverageSchema":"43e27e138ebf9cfc5966b082cf9a028302ed4184","hash":"ae804a5bf15517b3f2571804484fed83b73b9176"}
,"/Users/Andy/Workspace/Web/flapjs/src/components/example/helloWorld/HelloWorld.jsx": {"path":"/Users/Andy/Workspace/Web/flapjs/src/components/example/helloWorld/HelloWorld.jsx","statementMap":{"0":{"start":{"line":16,"column":8},"end":{"line":16,"column":21}},"1":{"start":{"line":18,"column":8},"end":{"line":20,"column":10}},"2":{"start":{"line":22,"column":8},"end":{"line":22,"column":47}},"3":{"start":{"line":32,"column":8},"end":{"line":32,"column":60}},"4":{"start":{"line":32,"column":31},"end":{"line":32,"column":57}},"5":{"start":{"line":34,"column":8},"end":{"line":34,"column":54}},"6":{"start":{"line":34,"column":32},"end":{"line":34,"column":54}},"7":{"start":{"line":40,"column":8},"end":{"line":51,"column":10}},"8":{"start":{"line":55,"column":0},"end":{"line":63,"column":2}},"9":{"start":{"line":64,"column":0},"end":{"line":66,"column":2}}},"fnMap":{"0":{"name":"(anonymous_0)","decl":{"start":{"line":14,"column":4},"end":{"line":14,"column":5}},"loc":{"start":{"line":15,"column":4},"end":{"line":23,"column":5}},"line":15},"1":{"name":"(anonymous_1)","decl":{"start":{"line":29,"column":4},"end":{"line":29,"column":5}},"loc":{"start":{"line":30,"column":4},"end":{"line":35,"column":5}},"line":30},"2":{"name":"(anonymous_2)","decl":{"start":{"line":32,"column":22},"end":{"line":32,"column":23}},"loc":{"start":{"line":32,"column":31},"end":{"line":32,"column":57}},"line":32},"3":{"name":"(anonymous_3)","decl":{"start":{"line":38,"column":4},"end":{"line":38,"column":5}},"loc":{"start":{"line":39,"column":4},"end":{"line":52,"column":5}},"line":39}},"branchMap":{"0":{"loc":{"start":{"line":34,"column":8},"end":{"line":34,"column":54}},"type":"if","locations":[{"start":{"line":34,"column":8},"end":{"line":34,"column":54}},{"start":{"line":34,"column":8},"end":{"line":34,"column":54}}],"line":34},"1":{"loc":{"start":{"line":44,"column":32},"end":{"line":44,"column":58}},"type":"binary-expr","locations":[{"start":{"line":44,"column":32},"end":{"line":44,"column":52}},{"start":{"line":44,"column":56},"end":{"line":44,"column":58}}],"line":44},"2":{"loc":{"start":{"line":46,"column":27},"end":{"line":46,"column":97}},"type":"cond-expr","locations":[{"start":{"line":46,"column":72},"end":{"line":46,"column":92}},{"start":{"line":46,"column":95},"end":{"line":46,"column":97}}],"line":46},"3":{"loc":{"start":{"line":46,"column":28},"end":{"line":46,"column":68}},"type":"binary-expr","locations":[{"start":{"line":46,"column":28},"end":{"line":46,"column":46}},{"start":{"line":46,"column":50},"end":{"line":46,"column":68}}],"line":46}},"s":{"0":10,"1":10,"2":10,"3":5,"4":5,"5":5,"6":0,"7":17,"8":2,"9":2},"f":{"0":10,"1":5,"2":5,"3":17},"b":{"0":[0,5],"1":[17,17],"2":[7,10],"3":[17,14]},"_coverageSchema":"43e27e138ebf9cfc5966b082cf9a028302ed4184","hash":"326ca1d51cdc6ddd4b45bd50237e39ade2214e23"}
,"/Users/Andy/Workspace/Web/flapjs/src/components/icons/Icons.js": {"path":"/Users/Andy/Workspace/Web/flapjs/src/components/icons/Icons.js","statementMap":{},"fnMap":{},"branchMap":{},"s":{},"f":{},"b":{},"_coverageSchema":"43e27e138ebf9cfc5966b082cf9a028302ed4184","hash":"c25480587a3b772e1986c278fed76111d10c80e8"}
,"/Users/Andy/Workspace/Web/flapjs/src/components/panel/colorPane/ColorEntry.jsx": {"path":"/Users/Andy/Workspace/Web/flapjs/src/components/panel/colorPane/ColorEntry.jsx","statementMap":{"0":{"start":{"line":7,"column":4},"end":{"line":12,"column":6}},"1":{"start":{"line":14,"column":0},"end":{"line":17,"column":2}}},"fnMap":{"0":{"name":"ColorEntry","decl":{"start":{"line":5,"column":9},"end":{"line":5,"column":19}},"loc":{"start":{"line":6,"column":0},"end":{"line":13,"column":1}},"line":6}},"branchMap":{},"s":{"0":3,"1":2},"f":{"0":3},"b":{},"_coverageSchema":"43e27e138ebf9cfc5966b082cf9a028302ed4184","hash":"1e091f53b3724434e6784c41c81ed2a82e18acea"}
,"/Users/Andy/Workspace/Web/flapjs/src/components/panel/colorPane/ColorPane.jsx": {"path":"/Users/Andy/Workspace/Web/flapjs/src/components/panel/colorPane/ColorPane.jsx","statementMap":{"0":{"start":{"line":18,"column":8},"end":{"line":18,"column":21}},"1":{"start":{"line":20,"column":8},"end":{"line":20,"column":41}},"2":{"start":{"line":21,"column":8},"end":{"line":21,"column":40}},"3":{"start":{"line":22,"column":8},"end":{"line":22,"column":45}},"4":{"start":{"line":28,"column":22},"end":{"line":28,"column":32}},"5":{"start":{"line":30,"column":23},"end":{"line":30,"column":35}},"6":{"start":{"line":32,"column":8},"end":{"line":56,"column":10}},"7":{"start":{"line":60,"column":0},"end":{"line":68,"column":2}},"8":{"start":{"line":69,"column":0},"end":{"line":70,"column":2}}},"fnMap":{"0":{"name":"(anonymous_0)","decl":{"start":{"line":16,"column":4},"end":{"line":16,"column":5}},"loc":{"start":{"line":17,"column":4},"end":{"line":23,"column":5}},"line":17},"1":{"name":"(anonymous_1)","decl":{"start":{"line":26,"column":4},"end":{"line":26,"column":5}},"loc":{"start":{"line":27,"column":4},"end":{"line":57,"column":5}},"line":27}},"branchMap":{"0":{"loc":{"start":{"line":33,"column":29},"end":{"line":33,"column":50}},"type":"binary-expr","locations":[{"start":{"line":33,"column":29},"end":{"line":33,"column":44}},{"start":{"line":33,"column":48},"end":{"line":33,"column":50}}],"line":33}},"s":{"0":1,"1":1,"2":1,"3":1,"4":1,"5":1,"6":1,"7":2,"8":2},"f":{"0":1,"1":1},"b":{"0":[1,1]},"_coverageSchema":"43e27e138ebf9cfc5966b082cf9a028302ed4184","hash":"3e3bb65b1216ea069f09844e38eabe3c9915c700"}
,"/Users/Andy/Workspace/Web/flapjs/src/components/panel/colorPane/ColorSubEntry.jsx": {"path":"/Users/Andy/Workspace/Web/flapjs/src/components/panel/colorPane/ColorSubEntry.jsx","statementMap":{"0":{"start":{"line":7,"column":4},"end":{"line":12,"column":6}},"1":{"start":{"line":14,"column":0},"end":{"line":17,"column":2}}},"fnMap":{"0":{"name":"ColorSubEntry","decl":{"start":{"line":5,"column":9},"end":{"line":5,"column":22}},"loc":{"start":{"line":6,"column":0},"end":{"line":13,"column":1}},"line":6}},"branchMap":{},"s":{"0":2,"1":2},"f":{"0":2},"b":{},"_coverageSchema":"43e27e138ebf9cfc5966b082cf9a028302ed4184","hash":"f4fc5a1ece3dce1e2dc67d7a64f207bf2b78a5eb"}
,"/Users/Andy/Workspace/Web/flapjs/src/components/panel/pane/Pane.jsx": {"path":"/Users/Andy/Workspace/Web/flapjs/src/components/panel/pane/Pane.jsx","statementMap":{"0":{"start":{"line":14,"column":8},"end":{"line":14,"column":21}},"1":{"start":{"line":16,"column":8},"end":{"line":18,"column":10}},"2":{"start":{"line":20,"column":8},"end":{"line":20,"column":59}},"3":{"start":{"line":25,"column":8},"end":{"line":30,"column":11}},"4":{"start":{"line":27,"column":12},"end":{"line":29,"column":14}},"5":{"start":{"line":36,"column":22},"end":{"line":36,"column":32}},"6":{"start":{"line":37,"column":22},"end":{"line":37,"column":32}},"7":{"start":{"line":39,"column":21},"end":{"line":39,"column":31}},"8":{"start":{"line":41,"column":8},"end":{"line":57,"column":10}},"9":{"start":{"line":61,"column":0},"end":{"line":68,"column":2}},"10":{"start":{"line":69,"column":0},"end":{"line":70,"column":2}}},"fnMap":{"0":{"name":"(anonymous_0)","decl":{"start":{"line":12,"column":4},"end":{"line":12,"column":5}},"loc":{"start":{"line":13,"column":4},"end":{"line":21,"column":5}},"line":13},"1":{"name":"(anonymous_1)","decl":{"start":{"line":23,"column":4},"end":{"line":23,"column":5}},"loc":{"start":{"line":24,"column":4},"end":{"line":31,"column":5}},"line":24},"2":{"name":"(anonymous_2)","decl":{"start":{"line":25,"column":22},"end":{"line":25,"column":23}},"loc":{"start":{"line":26,"column":8},"end":{"line":30,"column":9}},"line":26},"3":{"name":"(anonymous_3)","decl":{"start":{"line":34,"column":4},"end":{"line":34,"column":5}},"loc":{"start":{"line":35,"column":4},"end":{"line":58,"column":5}},"line":35}},"branchMap":{"0":{"loc":{"start":{"line":43,"column":25},"end":{"line":43,"column":46}},"type":"binary-expr","locations":[{"start":{"line":43,"column":25},"end":{"line":43,"column":40}},{"start":{"line":43,"column":44},"end":{"line":43,"column":46}}],"line":43},"1":{"loc":{"start":{"line":44,"column":19},"end":{"line":44,"column":37}},"type":"cond-expr","locations":[{"start":{"line":44,"column":26},"end":{"line":44,"column":33}},{"start":{"line":44,"column":35},"end":{"line":44,"column":37}}],"line":44}},"s":{"0":6,"1":6,"2":6,"3":0,"4":0,"5":6,"6":6,"7":6,"8":6,"9":3,"10":3},"f":{"0":6,"1":0,"2":0,"3":6},"b":{"0":[6,6],"1":[6,0]},"_coverageSchema":"43e27e138ebf9cfc5966b082cf9a028302ed4184","hash":"6cd7dd36afc268f896fea936392cb5ef36cd7e2f"}
,"/Users/Andy/Workspace/Web/flapjs/src/components/sidebar/SideBarLayout.jsx": {"path":"/Users/Andy/Workspace/Web/flapjs/src/components/sidebar/SideBarLayout.jsx","statementMap":{"0":{"start":{"line":12,"column":8},"end":{"line":12,"column":21}},"1":{"start":{"line":18,"column":22},"end":{"line":18,"column":32}},"2":{"start":{"line":20,"column":21},"end":{"line":20,"column":31}},"3":{"start":{"line":22,"column":27},"end":{"line":22,"column":62}},"4":{"start":{"line":25,"column":12},"end":{"line":28,"column":40}},"5":{"start":{"line":31,"column":8},"end":{"line":40,"column":10}},"6":{"start":{"line":44,"column":0},"end":{"line":54,"column":2}},"7":{"start":{"line":55,"column":0},"end":{"line":57,"column":2}}},"fnMap":{"0":{"name":"(anonymous_0)","decl":{"start":{"line":10,"column":4},"end":{"line":10,"column":5}},"loc":{"start":{"line":11,"column":4},"end":{"line":13,"column":5}},"line":11},"1":{"name":"(anonymous_1)","decl":{"start":{"line":16,"column":4},"end":{"line":16,"column":5}},"loc":{"start":{"line":17,"column":4},"end":{"line":41,"column":5}},"line":17}},"branchMap":{"0":{"loc":{"start":{"line":22,"column":27},"end":{"line":22,"column":62}},"type":"binary-expr","locations":[{"start":{"line":22,"column":27},"end":{"line":22,"column":42}},{"start":{"line":22,"column":46},"end":{"line":22,"column":62}}],"line":22},"1":{"loc":{"start":{"line":25,"column":12},"end":{"line":28,"column":40}},"type":"cond-expr","locations":[{"start":{"line":25,"column":30},"end":{"line":25,"column":35}},{"start":{"line":26,"column":16},"end":{"line":28,"column":40}}],"line":25},"2":{"loc":{"start":{"line":26,"column":16},"end":{"line":28,"column":40}},"type":"cond-expr","locations":[{"start":{"line":26,"column":35},"end":{"line":26,"column":48}},{"start":{"line":27,"column":20},"end":{"line":28,"column":40}}],"line":26},"3":{"loc":{"start":{"line":27,"column":20},"end":{"line":28,"column":40}},"type":"cond-expr","locations":[{"start":{"line":27,"column":37},"end":{"line":27,"column":45}},{"start":{"line":28,"column":24},"end":{"line":28,"column":40}}],"line":27},"4":{"loc":{"start":{"line":32,"column":53},"end":{"line":32,"column":74}},"type":"binary-expr","locations":[{"start":{"line":32,"column":53},"end":{"line":32,"column":68}},{"start":{"line":32,"column":72},"end":{"line":32,"column":74}}],"line":32},"5":{"loc":{"start":{"line":34,"column":21},"end":{"line":34,"column":81}},"type":"binary-expr","locations":[{"start":{"line":34,"column":21},"end":{"line":34,"column":40}},{"start":{"line":34,"column":44},"end":{"line":34,"column":81}}],"line":34}},"s":{"0":3,"1":3,"2":3,"3":3,"4":3,"5":3,"6":3,"7":3},"f":{"0":3,"1":3},"b":{"0":[3,1],"1":[2,1],"2":[1,0],"3":[0,0],"4":[3,3],"5":[3,2]},"_coverageSchema":"43e27e138ebf9cfc5966b082cf9a028302ed4184","hash":"c2effc70eceb462257ebcc4fceadee0262aac054"}
,"/Users/Andy/Workspace/Web/flapjs/src/components/theme/computedStyle/ComputedStyleInput.jsx": {"path":"/Users/Andy/Workspace/Web/flapjs/src/components/theme/computedStyle/ComputedStyleInput.jsx","statementMap":{"0":{"start":{"line":16,"column":8},"end":{"line":16,"column":21}},"1":{"start":{"line":18,"column":8},"end":{"line":18,"column":38}},"2":{"start":{"line":20,"column":8},"end":{"line":20,"column":63}},"3":{"start":{"line":26,"column":31},"end":{"line":26,"column":68}},"4":{"start":{"line":27,"column":8},"end":{"line":30,"column":9}},"5":{"start":{"line":29,"column":12},"end":{"line":29,"column":76}},"6":{"start":{"line":36,"column":31},"end":{"line":36,"column":68}},"7":{"start":{"line":37,"column":8},"end":{"line":40,"column":9}},"8":{"start":{"line":39,"column":12},"end":{"line":39,"column":79}},"9":{"start":{"line":45,"column":32},"end":{"line":45,"column":58}},"10":{"start":{"line":46,"column":8},"end":{"line":69,"column":9}},"11":{"start":{"line":48,"column":12},"end":{"line":48,"column":48}},"12":{"start":{"line":52,"column":12},"end":{"line":68,"column":13}},"13":{"start":{"line":55,"column":20},"end":{"line":55,"column":96}},"14":{"start":{"line":56,"column":20},"end":{"line":56,"column":26}},"15":{"start":{"line":58,"column":20},"end":{"line":58,"column":98}},"16":{"start":{"line":59,"column":20},"end":{"line":59,"column":26}},"17":{"start":{"line":61,"column":20},"end":{"line":61,"column":98}},"18":{"start":{"line":62,"column":20},"end":{"line":62,"column":26}},"19":{"start":{"line":64,"column":20},"end":{"line":64,"column":56}},"20":{"start":{"line":65,"column":20},"end":{"line":65,"column":26}},"21":{"start":{"line":67,"column":20},"end":{"line":67,"column":86}},"22":{"start":{"line":75,"column":22},"end":{"line":75,"column":32}},"23":{"start":{"line":77,"column":8},"end":{"line":86,"column":10}},"24":{"start":{"line":90,"column":0},"end":{"line":121,"column":2}},"25":{"start":{"line":122,"column":0},"end":{"line":126,"column":2}}},"fnMap":{"0":{"name":"(anonymous_0)","decl":{"start":{"line":14,"column":4},"end":{"line":14,"column":5}},"loc":{"start":{"line":15,"column":4},"end":{"line":21,"column":5}},"line":15},"1":{"name":"(anonymous_1)","decl":{"start":{"line":24,"column":4},"end":{"line":24,"column":5}},"loc":{"start":{"line":25,"column":4},"end":{"line":31,"column":5}},"line":25},"2":{"name":"(anonymous_2)","decl":{"start":{"line":34,"column":4},"end":{"line":34,"column":5}},"loc":{"start":{"line":35,"column":4},"end":{"line":41,"column":5}},"line":35},"3":{"name":"(anonymous_3)","decl":{"start":{"line":43,"column":4},"end":{"line":43,"column":5}},"loc":{"start":{"line":44,"column":4},"end":{"line":70,"column":5}},"line":44},"4":{"name":"(anonymous_4)","decl":{"start":{"line":73,"column":4},"end":{"line":73,"column":5}},"loc":{"start":{"line":74,"column":4},"end":{"line":87,"column":5}},"line":74}},"branchMap":{"0":{"loc":{"start":{"line":27,"column":8},"end":{"line":30,"column":9}},"type":"if","locations":[{"start":{"line":27,"column":8},"end":{"line":30,"column":9}},{"start":{"line":27,"column":8},"end":{"line":30,"column":9}}],"line":27},"1":{"loc":{"start":{"line":37,"column":8},"end":{"line":40,"column":9}},"type":"if","locations":[{"start":{"line":37,"column":8},"end":{"line":40,"column":9}},{"start":{"line":37,"column":8},"end":{"line":40,"column":9}}],"line":37},"2":{"loc":{"start":{"line":46,"column":8},"end":{"line":69,"column":9}},"type":"if","locations":[{"start":{"line":46,"column":8},"end":{"line":69,"column":9}},{"start":{"line":46,"column":8},"end":{"line":69,"column":9}}],"line":46},"3":{"loc":{"start":{"line":52,"column":12},"end":{"line":68,"column":13}},"type":"switch","locations":[{"start":{"line":54,"column":16},"end":{"line":56,"column":26}},{"start":{"line":57,"column":16},"end":{"line":59,"column":26}},{"start":{"line":60,"column":16},"end":{"line":62,"column":26}},{"start":{"line":63,"column":16},"end":{"line":65,"column":26}},{"start":{"line":66,"column":16},"end":{"line":67,"column":86}}],"line":52}},"s":{"0":4,"1":4,"2":4,"3":4,"4":4,"5":3,"6":3,"7":3,"8":0,"9":0,"10":0,"11":0,"12":0,"13":0,"14":0,"15":0,"16":0,"17":0,"18":0,"19":0,"20":0,"21":0,"22":4,"23":4,"24":3,"25":3},"f":{"0":4,"1":4,"2":3,"3":0,"4":4},"b":{"0":[3,1],"1":[0,3],"2":[0,0],"3":[0,0,0,0,0]},"_coverageSchema":"43e27e138ebf9cfc5966b082cf9a028302ed4184","hash":"d4264ccfe47ae377abebaea189f876fcb8daaa5e"}
,"/Users/Andy/Workspace/Web/flapjs/src/components/theme/sourceStyle/StyleInput.jsx": {"path":"/Users/Andy/Workspace/Web/flapjs/src/components/theme/sourceStyle/StyleInput.jsx","statementMap":{"0":{"start":{"line":13,"column":8},"end":{"line":13,"column":21}},"1":{"start":{"line":15,"column":8},"end":{"line":17,"column":10}},"2":{"start":{"line":19,"column":8},"end":{"line":19,"column":33}},"3":{"start":{"line":21,"column":8},"end":{"line":21,"column":49}},"4":{"start":{"line":27,"column":8},"end":{"line":34,"column":9}},"5":{"start":{"line":29,"column":12},"end":{"line":29,"column":47}},"6":{"start":{"line":33,"column":12},"end":{"line":33,"column":79}},"7":{"start":{"line":39,"column":8},"end":{"line":51,"column":9}},"8":{"start":{"line":41,"column":26},"end":{"line":41,"column":63}},"9":{"start":{"line":42,"column":12},"end":{"line":45,"column":13}},"10":{"start":{"line":44,"column":16},"end":{"line":44,"column":53}},"11":{"start":{"line":50,"column":12},"end":{"line":50,"column":82}},"12":{"start":{"line":56,"column":30},"end":{"line":56,"column":66}},"13":{"start":{"line":57,"column":27},"end":{"line":57,"column":42}},"14":{"start":{"line":59,"column":8},"end":{"line":79,"column":9}},"15":{"start":{"line":61,"column":12},"end":{"line":78,"column":15}},"16":{"start":{"line":63,"column":16},"end":{"line":66,"column":17}},"17":{"start":{"line":65,"column":20},"end":{"line":65,"column":71}},"18":{"start":{"line":68,"column":16},"end":{"line":68,"column":97}},"19":{"start":{"line":68,"column":41},"end":{"line":68,"column":97}},"20":{"start":{"line":69,"column":16},"end":{"line":76,"column":17}},"21":{"start":{"line":71,"column":34},"end":{"line":71,"column":57}},"22":{"start":{"line":72,"column":20},"end":{"line":75,"column":21}},"23":{"start":{"line":74,"column":24},"end":{"line":74,"column":56}},"24":{"start":{"line":77,"column":16},"end":{"line":77,"column":50}},"25":{"start":{"line":77,"column":30},"end":{"line":77,"column":50}},"26":{"start":{"line":84,"column":8},"end":{"line":84,"column":32}},"27":{"start":{"line":89,"column":8},"end":{"line":89,"column":38}},"28":{"start":{"line":95,"column":24},"end":{"line":95,"column":60}},"29":{"start":{"line":96,"column":21},"end":{"line":96,"column":36}},"30":{"start":{"line":97,"column":22},"end":{"line":97,"column":54}},"31":{"start":{"line":98,"column":8},"end":{"line":98,"column":63}},"32":{"start":{"line":104,"column":22},"end":{"line":104,"column":32}},"33":{"start":{"line":105,"column":22},"end":{"line":105,"column":32}},"34":{"start":{"line":107,"column":22},"end":{"line":107,"column":33}},"35":{"start":{"line":108,"column":25},"end":{"line":108,"column":39}},"36":{"start":{"line":109,"column":21},"end":{"line":109,"column":31}},"37":{"start":{"line":111,"column":8},"end":{"line":118,"column":10}},"38":{"start":{"line":122,"column":0},"end":{"line":138,"column":2}},"39":{"start":{"line":139,"column":0},"end":{"line":142,"column":2}}},"fnMap":{"0":{"name":"(anonymous_0)","decl":{"start":{"line":11,"column":4},"end":{"line":11,"column":5}},"loc":{"start":{"line":12,"column":4},"end":{"line":22,"column":5}},"line":12},"1":{"name":"(anonymous_1)","decl":{"start":{"line":24,"column":4},"end":{"line":24,"column":5}},"loc":{"start":{"line":25,"column":4},"end":{"line":35,"column":5}},"line":25},"2":{"name":"(anonymous_2)","decl":{"start":{"line":37,"column":4},"end":{"line":37,"column":5}},"loc":{"start":{"line":38,"column":4},"end":{"line":52,"column":5}},"line":38},"3":{"name":"(anonymous_3)","decl":{"start":{"line":54,"column":4},"end":{"line":54,"column":5}},"loc":{"start":{"line":55,"column":4},"end":{"line":80,"column":5}},"line":55},"4":{"name":"(anonymous_4)","decl":{"start":{"line":61,"column":37},"end":{"line":61,"column":38}},"loc":{"start":{"line":62,"column":12},"end":{"line":78,"column":13}},"line":62},"5":{"name":"(anonymous_5)","decl":{"start":{"line":82,"column":4},"end":{"line":82,"column":5}},"loc":{"start":{"line":83,"column":4},"end":{"line":85,"column":5}},"line":83},"6":{"name":"(anonymous_6)","decl":{"start":{"line":87,"column":4},"end":{"line":87,"column":5}},"loc":{"start":{"line":88,"column":4},"end":{"line":90,"column":5}},"line":88},"7":{"name":"(anonymous_7)","decl":{"start":{"line":93,"column":4},"end":{"line":93,"column":5}},"loc":{"start":{"line":94,"column":4},"end":{"line":99,"column":5}},"line":94},"8":{"name":"(anonymous_8)","decl":{"start":{"line":102,"column":4},"end":{"line":102,"column":5}},"loc":{"start":{"line":103,"column":4},"end":{"line":119,"column":5}},"line":103}},"branchMap":{"0":{"loc":{"start":{"line":27,"column":8},"end":{"line":34,"column":9}},"type":"if","locations":[{"start":{"line":27,"column":8},"end":{"line":34,"column":9}},{"start":{"line":27,"column":8},"end":{"line":34,"column":9}}],"line":27},"1":{"loc":{"start":{"line":39,"column":8},"end":{"line":51,"column":9}},"type":"if","locations":[{"start":{"line":39,"column":8},"end":{"line":51,"column":9}},{"start":{"line":39,"column":8},"end":{"line":51,"column":9}}],"line":39},"2":{"loc":{"start":{"line":42,"column":12},"end":{"line":45,"column":13}},"type":"if","locations":[{"start":{"line":42,"column":12},"end":{"line":45,"column":13}},{"start":{"line":42,"column":12},"end":{"line":45,"column":13}}],"line":42},"3":{"loc":{"start":{"line":54,"column":20},"end":{"line":54,"column":40}},"type":"default-arg","locations":[{"start":{"line":54,"column":31},"end":{"line":54,"column":40}}],"line":54},"4":{"loc":{"start":{"line":54,"column":42},"end":{"line":54,"column":61}},"type":"default-arg","locations":[{"start":{"line":54,"column":57},"end":{"line":54,"column":61}}],"line":54},"5":{"loc":{"start":{"line":59,"column":8},"end":{"line":79,"column":9}},"type":"if","locations":[{"start":{"line":59,"column":8},"end":{"line":79,"column":9}},{"start":{"line":59,"column":8},"end":{"line":79,"column":9}}],"line":59},"6":{"loc":{"start":{"line":63,"column":16},"end":{"line":66,"column":17}},"type":"if","locations":[{"start":{"line":63,"column":16},"end":{"line":66,"column":17}},{"start":{"line":63,"column":16},"end":{"line":66,"column":17}}],"line":63},"7":{"loc":{"start":{"line":68,"column":16},"end":{"line":68,"column":97}},"type":"if","locations":[{"start":{"line":68,"column":16},"end":{"line":68,"column":97}},{"start":{"line":68,"column":16},"end":{"line":68,"column":97}}],"line":68},"8":{"loc":{"start":{"line":69,"column":16},"end":{"line":76,"column":17}},"type":"if","locations":[{"start":{"line":69,"column":16},"end":{"line":76,"column":17}},{"start":{"line":69,"column":16},"end":{"line":76,"column":17}}],"line":69},"9":{"loc":{"start":{"line":77,"column":16},"end":{"line":77,"column":50}},"type":"if","locations":[{"start":{"line":77,"column":16},"end":{"line":77,"column":50}},{"start":{"line":77,"column":16},"end":{"line":77,"column":50}}],"line":77}},"s":{"0":9,"1":9,"2":9,"3":9,"4":3,"5":3,"6":0,"7":0,"8":0,"9":0,"10":0,"11":0,"12":0,"13":0,"14":0,"15":0,"16":0,"17":0,"18":0,"19":0,"20":0,"21":0,"22":0,"23":0,"24":0,"25":0,"26":0,"27":0,"28":9,"29":9,"30":9,"31":9,"32":18,"33":18,"34":18,"35":18,"36":18,"37":18,"38":4,"39":4},"f":{"0":9,"1":3,"2":0,"3":0,"4":0,"5":0,"6":0,"7":9,"8":18},"b":{"0":[3,0],"1":[0,0],"2":[0,0],"3":[0],"4":[0],"5":[0,0],"6":[0,0],"7":[0,0],"8":[0,0],"9":[0,0]},"_coverageSchema":"43e27e138ebf9cfc5966b082cf9a028302ed4184","hash":"a12e4b2ffc7993f7966a940e6c323c15f387b356"}
,"/Users/Andy/Workspace/Web/flapjs/src/components/workspace/WorkspaceLayout.jsx": {"path":"/Users/Andy/Workspace/Web/flapjs/src/components/workspace/WorkspaceLayout.jsx","statementMap":{"0":{"start":{"line":14,"column":8},"end":{"line":14,"column":21}},"1":{"start":{"line":20,"column":22},"end":{"line":20,"column":32}},"2":{"start":{"line":22,"column":33},"end":{"line":22,"column":55}},"3":{"start":{"line":23,"column":33},"end":{"line":23,"column":55}},"4":{"start":{"line":25,"column":8},"end":{"line":36,"column":10}},"5":{"start":{"line":40,"column":0},"end":{"line":45,"column":2}},"6":{"start":{"line":46,"column":0},"end":{"line":47,"column":2}}},"fnMap":{"0":{"name":"(anonymous_0)","decl":{"start":{"line":12,"column":4},"end":{"line":12,"column":5}},"loc":{"start":{"line":13,"column":4},"end":{"line":15,"column":5}},"line":13},"1":{"name":"(anonymous_1)","decl":{"start":{"line":18,"column":4},"end":{"line":18,"column":5}},"loc":{"start":{"line":19,"column":4},"end":{"line":37,"column":5}},"line":19}},"branchMap":{"0":{"loc":{"start":{"line":27,"column":52},"end":{"line":27,"column":73}},"type":"binary-expr","locations":[{"start":{"line":27,"column":52},"end":{"line":27,"column":67}},{"start":{"line":27,"column":71},"end":{"line":27,"column":73}}],"line":27},"1":{"loc":{"start":{"line":29,"column":21},"end":{"line":29,"column":63}},"type":"binary-expr","locations":[{"start":{"line":29,"column":21},"end":{"line":29,"column":37}},{"start":{"line":29,"column":41},"end":{"line":29,"column":63}}],"line":29},"2":{"loc":{"start":{"line":33,"column":21},"end":{"line":33,"column":63}},"type":"binary-expr","locations":[{"start":{"line":33,"column":21},"end":{"line":33,"column":37}},{"start":{"line":33,"column":41},"end":{"line":33,"column":63}}],"line":33}},"s":{"0":3,"1":3,"2":3,"3":3,"4":3,"5":3,"6":3},"f":{"0":3,"1":3},"b":{"0":[3,3],"1":[3,2],"2":[3,2]},"_coverageSchema":"43e27e138ebf9cfc5966b082cf9a028302ed4184","hash":"4601f7e1af94f94c914d70b8bb9c25d2ff172565"}
,"/Users/Andy/Workspace/Web/flapjs/src/util/ElementHelper.js": {"path":"/Users/Andy/Workspace/Web/flapjs/src/util/ElementHelper.js","statementMap":{"0":{"start":{"line":3,"column":4},"end":{"line":10,"column":5}},"1":{"start":{"line":5,"column":8},"end":{"line":5,"column":30}},"2":{"start":{"line":9,"column":8},"end":{"line":9,"column":27}}},"fnMap":{"0":{"name":"getElementFromRef","decl":{"start":{"line":1,"column":16},"end":{"line":1,"column":33}},"loc":{"start":{"line":2,"column":0},"end":{"line":11,"column":1}},"line":2}},"branchMap":{"0":{"loc":{"start":{"line":3,"column":4},"end":{"line":10,"column":5}},"type":"if","locations":[{"start":{"line":3,"column":4},"end":{"line":10,"column":5}},{"start":{"line":3,"column":4},"end":{"line":10,"column":5}}],"line":3}},"s":{"0":16,"1":5,"2":11},"f":{"0":16},"b":{"0":[5,11]},"_coverageSchema":"43e27e138ebf9cfc5966b082cf9a028302ed4184","hash":"c310bb5d5e889bf7972d93aea019b7f836d3d609"}
,"/Users/Andy/Workspace/Web/flapjs/src/util/Logger.js": {"path":"/Users/Andy/Workspace/Web/flapjs/src/util/Logger.js","statementMap":{"0":{"start":{"line":3,"column":21},"end":{"line":3,"column":29}},"1":{"start":{"line":4,"column":27},"end":{"line":9,"column":1}},"2":{"start":{"line":13,"column":4},"end":{"line":19,"column":6}},"3":{"start":{"line":24,"column":22},"end":{"line":24,"column":78}},"4":{"start":{"line":25,"column":4},"end":{"line":25,"column":48}},"5":{"start":{"line":40,"column":23},"end":{"line":40,"column":49}},"6":{"start":{"line":41,"column":8},"end":{"line":41,"column":29}},"7":{"start":{"line":52,"column":23},"end":{"line":52,"column":84}},"8":{"start":{"line":53,"column":8},"end":{"line":53,"column":31}}},"fnMap":{"0":{"name":"getLogTagStyle","decl":{"start":{"line":11,"column":9},"end":{"line":11,"column":23}},"loc":{"start":{"line":12,"column":0},"end":{"line":20,"column":1}},"line":12},"1":{"name":"print","decl":{"start":{"line":22,"column":9},"end":{"line":22,"column":14}},"loc":{"start":{"line":23,"column":0},"end":{"line":26,"column":1}},"line":23},"2":{"name":"(anonymous_2)","decl":{"start":{"line":38,"column":4},"end":{"line":38,"column":5}},"loc":{"start":{"line":39,"column":4},"end":{"line":42,"column":5}},"line":39},"3":{"name":"(anonymous_3)","decl":{"start":{"line":50,"column":4},"end":{"line":50,"column":5}},"loc":{"start":{"line":51,"column":4},"end":{"line":54,"column":5}},"line":51}},"branchMap":{"0":{"loc":{"start":{"line":50,"column":31},"end":{"line":50,"column":41}},"type":"default-arg","locations":[{"start":{"line":50,"column":37},"end":{"line":50,"column":41}}],"line":50},"1":{"loc":{"start":{"line":52,"column":43},"end":{"line":52,"column":73}},"type":"cond-expr","locations":[{"start":{"line":52,"column":49},"end":{"line":52,"column":68}},{"start":{"line":52,"column":71},"end":{"line":52,"column":73}}],"line":52}},"s":{"0":2,"1":2,"2":0,"3":0,"4":0,"5":0,"6":0,"7":0,"8":0},"f":{"0":0,"1":0,"2":0,"3":0},"b":{"0":[0],"1":[0,0]},"_coverageSchema":"43e27e138ebf9cfc5966b082cf9a028302ed4184","hash":"2e234225d8ee90f315cd6f4a228a4700d7453873"}
,"/Users/Andy/Workspace/Web/flapjs/src/util/localization/LanguageMap.js": {"path":"/Users/Andy/Workspace/Web/flapjs/src/util/localization/LanguageMap.js","statementMap":{"0":{"start":{"line":10,"column":8},"end":{"line":22,"column":15}},"1":{"start":{"line":13,"column":16},"end":{"line":16,"column":17}},"2":{"start":{"line":15,"column":20},"end":{"line":15,"column":57}},"3":{"start":{"line":18,"column":16},"end":{"line":21,"column":19}},"4":{"start":{"line":20,"column":20},"end":{"line":20,"column":53}},"5":{"start":{"line":32,"column":30},"end":{"line":32,"column":39}},"6":{"start":{"line":33,"column":22},"end":{"line":33,"column":50}},"7":{"start":{"line":34,"column":24},"end":{"line":34,"column":25}},"8":{"start":{"line":35,"column":8},"end":{"line":62,"column":9}},"9":{"start":{"line":37,"column":12},"end":{"line":37,"column":24}},"10":{"start":{"line":38,"column":12},"end":{"line":38,"column":31}},"11":{"start":{"line":40,"column":12},"end":{"line":40,"column":48}},"12":{"start":{"line":40,"column":39},"end":{"line":40,"column":48}},"13":{"start":{"line":42,"column":12},"end":{"line":42,"column":43}},"14":{"start":{"line":42,"column":34},"end":{"line":42,"column":43}},"15":{"start":{"line":44,"column":26},"end":{"line":44,"column":43}},"16":{"start":{"line":45,"column":12},"end":{"line":48,"column":13}},"17":{"start":{"line":47,"column":16},"end":{"line":47,"column":112}},"18":{"start":{"line":50,"column":31},"end":{"line":50,"column":62}},"19":{"start":{"line":51,"column":12},"end":{"line":58,"column":13}},"20":{"start":{"line":53,"column":16},"end":{"line":53,"column":97}},"21":{"start":{"line":55,"column":17},"end":{"line":58,"column":13}},"22":{"start":{"line":57,"column":16},"end":{"line":57,"column":154}},"23":{"start":{"line":60,"column":32},"end":{"line":60,"column":64}},"24":{"start":{"line":61,"column":12},"end":{"line":61,"column":55}},"25":{"start":{"line":63,"column":8},"end":{"line":63,"column":46}},"26":{"start":{"line":72,"column":8},"end":{"line":72,"column":38}},"27":{"start":{"line":73,"column":8},"end":{"line":73,"column":41}},"28":{"start":{"line":83,"column":8},"end":{"line":83,"column":45}},"29":{"start":{"line":94,"column":8},"end":{"line":106,"column":9}},"30":{"start":{"line":96,"column":40},"end":{"line":96,"column":69}},"31":{"start":{"line":97,"column":12},"end":{"line":97,"column":65}},"32":{"start":{"line":99,"column":13},"end":{"line":106,"column":9}},"33":{"start":{"line":101,"column":12},"end":{"line":101,"column":69}},"34":{"start":{"line":105,"column":12},"end":{"line":105,"column":37}},"35":{"start":{"line":119,"column":4},"end":{"line":130,"column":7}},"36":{"start":{"line":121,"column":27},"end":{"line":121,"column":41}},"37":{"start":{"line":122,"column":8},"end":{"line":129,"column":9}},"38":{"start":{"line":124,"column":12},"end":{"line":124,"column":38}},"39":{"start":{"line":128,"column":12},"end":{"line":128,"column":36}}},"fnMap":{"0":{"name":"(anonymous_0)","decl":{"start":{"line":8,"column":4},"end":{"line":8,"column":5}},"loc":{"start":{"line":9,"column":4},"end":{"line":23,"column":5}},"line":9},"1":{"name":"(anonymous_1)","decl":{"start":{"line":11,"column":18},"end":{"line":11,"column":19}},"loc":{"start":{"line":12,"column":12},"end":{"line":22,"column":13}},"line":12},"2":{"name":"(anonymous_2)","decl":{"start":{"line":18,"column":44},"end":{"line":18,"column":45}},"loc":{"start":{"line":19,"column":16},"end":{"line":21,"column":17}},"line":19},"3":{"name":"(anonymous_3)","decl":{"start":{"line":30,"column":4},"end":{"line":30,"column":5}},"loc":{"start":{"line":31,"column":4},"end":{"line":64,"column":5}},"line":31},"4":{"name":"(anonymous_4)","decl":{"start":{"line":70,"column":4},"end":{"line":70,"column":5}},"loc":{"start":{"line":71,"column":4},"end":{"line":74,"column":5}},"line":71},"5":{"name":"(anonymous_5)","decl":{"start":{"line":81,"column":4},"end":{"line":81,"column":5}},"loc":{"start":{"line":82,"column":4},"end":{"line":84,"column":5}},"line":82},"6":{"name":"(anonymous_6)","decl":{"start":{"line":92,"column":4},"end":{"line":92,"column":5}},"loc":{"start":{"line":93,"column":4},"end":{"line":107,"column":5}},"line":93},"7":{"name":"parameterizeString","decl":{"start":{"line":117,"column":9},"end":{"line":117,"column":27}},"loc":{"start":{"line":118,"column":0},"end":{"line":131,"column":1}},"line":118},"8":{"name":"(anonymous_8)","decl":{"start":{"line":119,"column":38},"end":{"line":119,"column":39}},"loc":{"start":{"line":120,"column":4},"end":{"line":130,"column":5}},"line":120}},"branchMap":{"0":{"loc":{"start":{"line":13,"column":16},"end":{"line":16,"column":17}},"type":"if","locations":[{"start":{"line":13,"column":16},"end":{"line":16,"column":17}},{"start":{"line":13,"column":16},"end":{"line":16,"column":17}}],"line":13},"1":{"loc":{"start":{"line":40,"column":12},"end":{"line":40,"column":48}},"type":"if","locations":[{"start":{"line":40,"column":12},"end":{"line":40,"column":48}},{"start":{"line":40,"column":12},"end":{"line":40,"column":48}}],"line":40},"2":{"loc":{"start":{"line":42,"column":12},"end":{"line":42,"column":43}},"type":"if","locations":[{"start":{"line":42,"column":12},"end":{"line":42,"column":43}},{"start":{"line":42,"column":12},"end":{"line":42,"column":43}}],"line":42},"3":{"loc":{"start":{"line":45,"column":12},"end":{"line":48,"column":13}},"type":"if","locations":[{"start":{"line":45,"column":12},"end":{"line":48,"column":13}},{"start":{"line":45,"column":12},"end":{"line":48,"column":13}}],"line":45},"4":{"loc":{"start":{"line":51,"column":12},"end":{"line":58,"column":13}},"type":"if","locations":[{"start":{"line":51,"column":12},"end":{"line":58,"column":13}},{"start":{"line":51,"column":12},"end":{"line":58,"column":13}}],"line":51},"5":{"loc":{"start":{"line":55,"column":17},"end":{"line":58,"column":13}},"type":"if","locations":[{"start":{"line":55,"column":17},"end":{"line":58,"column":13}},{"start":{"line":55,"column":17},"end":{"line":58,"column":13}}],"line":55},"6":{"loc":{"start":{"line":70,"column":16},"end":{"line":70,"column":41}},"type":"default-arg","locations":[{"start":{"line":70,"column":32},"end":{"line":70,"column":41}}],"line":70},"7":{"loc":{"start":{"line":70,"column":43},"end":{"line":70,"column":62}},"type":"default-arg","locations":[{"start":{"line":70,"column":58},"end":{"line":70,"column":62}}],"line":70},"8":{"loc":{"start":{"line":94,"column":8},"end":{"line":106,"column":9}},"type":"if","locations":[{"start":{"line":94,"column":8},"end":{"line":106,"column":9}},{"start":{"line":94,"column":8},"end":{"line":106,"column":9}}],"line":94},"9":{"loc":{"start":{"line":99,"column":13},"end":{"line":106,"column":9}},"type":"if","locations":[{"start":{"line":99,"column":13},"end":{"line":106,"column":9}},{"start":{"line":99,"column":13},"end":{"line":106,"column":9}}],"line":99},"10":{"loc":{"start":{"line":122,"column":8},"end":{"line":129,"column":9}},"type":"if","locations":[{"start":{"line":122,"column":8},"end":{"line":129,"column":9}},{"start":{"line":122,"column":8},"end":{"line":129,"column":9}}],"line":122}},"s":{"0":1,"1":1,"2":0,"3":1,"4":1,"5":1,"6":1,"7":1,"8":1,"9":1,"10":1,"11":1,"12":0,"13":1,"14":1,"15":0,"16":0,"17":0,"18":0,"19":0,"20":0,"21":0,"22":0,"23":0,"24":0,"25":1,"26":3,"27":3,"28":2,"29":0,"30":0,"31":0,"32":0,"33":0,"34":0,"35":0,"36":0,"37":0,"38":0,"39":0},"f":{"0":1,"1":1,"2":1,"3":1,"4":3,"5":2,"6":0,"7":0,"8":0},"b":{"0":[0,1],"1":[0,1],"2":[1,0],"3":[0,0],"4":[0,0],"5":[0,0],"6":[0],"7":[1],"8":[0,0],"9":[0,0],"10":[0,0]},"_coverageSchema":"43e27e138ebf9cfc5966b082cf9a028302ed4184","hash":"35fa3af997e2ddd2c7aa66ff29b0498d4371cca4"}
,"/Users/Andy/Workspace/Web/flapjs/src/util/localization/LocaleString.jsx": {"path":"/Users/Andy/Workspace/Web/flapjs/src/util/localization/LocaleString.jsx","statementMap":{"0":{"start":{"line":13,"column":8},"end":{"line":13,"column":21}},"1":{"start":{"line":19,"column":22},"end":{"line":19,"column":32}},"2":{"start":{"line":20,"column":23},"end":{"line":20,"column":35}},"3":{"start":{"line":21,"column":23},"end":{"line":21,"column":35}},"4":{"start":{"line":23,"column":8},"end":{"line":27,"column":10}},"5":{"start":{"line":25,"column":28},"end":{"line":25,"column":70}},"6":{"start":{"line":31,"column":0},"end":{"line":34,"column":2}},"7":{"start":{"line":35,"column":0},"end":{"line":37,"column":2}}},"fnMap":{"0":{"name":"(anonymous_0)","decl":{"start":{"line":11,"column":4},"end":{"line":11,"column":5}},"loc":{"start":{"line":12,"column":4},"end":{"line":14,"column":5}},"line":12},"1":{"name":"(anonymous_1)","decl":{"start":{"line":17,"column":4},"end":{"line":17,"column":5}},"loc":{"start":{"line":18,"column":4},"end":{"line":28,"column":5}},"line":18},"2":{"name":"(anonymous_2)","decl":{"start":{"line":25,"column":17},"end":{"line":25,"column":18}},"loc":{"start":{"line":25,"column":28},"end":{"line":25,"column":70}},"line":25}},"branchMap":{},"s":{"0":1,"1":1,"2":1,"3":1,"4":1,"5":2,"6":2,"7":2},"f":{"0":1,"1":1,"2":2},"b":{},"_coverageSchema":"43e27e138ebf9cfc5966b082cf9a028302ed4184","hash":"7aa93fb7276a9c31281691421ad957186d11264e"}
,"/Users/Andy/Workspace/Web/flapjs/src/util/localization/LocalizationContext.jsx": {"path":"/Users/Andy/Workspace/Web/flapjs/src/util/localization/LocalizationContext.jsx","statementMap":{"0":{"start":{"line":7,"column":19},"end":{"line":7,"column":33}},"1":{"start":{"line":12,"column":29},"end":{"line":12,"column":62}},"2":{"start":{"line":13,"column":29},"end":{"line":13,"column":33}},"3":{"start":{"line":22,"column":23},"end":{"line":22,"column":32}},"4":{"start":{"line":25,"column":30},"end":{"line":35,"column":1}},"5":{"start":{"line":29,"column":8},"end":{"line":29,"column":77}},"6":{"start":{"line":33,"column":8},"end":{"line":33,"column":86}},"7":{"start":{"line":37,"column":28},"end":{"line":37,"column":70}},"8":{"start":{"line":43,"column":8},"end":{"line":43,"column":21}},"9":{"start":{"line":46,"column":8},"end":{"line":46,"column":39}},"10":{"start":{"line":49,"column":8},"end":{"line":114,"column":10}},"11":{"start":{"line":53,"column":35},"end":{"line":53,"column":56}},"12":{"start":{"line":55,"column":16},"end":{"line":89,"column":17}},"13":{"start":{"line":58,"column":20},"end":{"line":58,"column":73}},"14":{"start":{"line":62,"column":40},"end":{"line":62,"column":70}},"15":{"start":{"line":63,"column":20},"end":{"line":88,"column":21}},"16":{"start":{"line":65,"column":24},"end":{"line":65,"column":84}},"17":{"start":{"line":70,"column":24},"end":{"line":87,"column":25}},"18":{"start":{"line":72,"column":56},"end":{"line":72,"column":86}},"19":{"start":{"line":73,"column":28},"end":{"line":81,"column":29}},"20":{"start":{"line":75,"column":32},"end":{"line":75,"column":100}},"21":{"start":{"line":80,"column":32},"end":{"line":80,"column":85}},"22":{"start":{"line":86,"column":28},"end":{"line":86,"column":40}},"23":{"start":{"line":93,"column":16},"end":{"line":93,"column":65}},"24":{"start":{"line":93,"column":58},"end":{"line":93,"column":65}},"25":{"start":{"line":95,"column":16},"end":{"line":108,"column":19}},"26":{"start":{"line":97,"column":20},"end":{"line":97,"column":57}},"27":{"start":{"line":97,"column":50},"end":{"line":97,"column":57}},"28":{"start":{"line":100,"column":20},"end":{"line":107,"column":21}},"29":{"start":{"line":102,"column":24},"end":{"line":102,"column":88}},"30":{"start":{"line":106,"column":24},"end":{"line":106,"column":54}},"31":{"start":{"line":111,"column":16},"end":{"line":111,"column":53}},"32":{"start":{"line":111,"column":46},"end":{"line":111,"column":53}},"33":{"start":{"line":112,"column":16},"end":{"line":112,"column":46}},"34":{"start":{"line":120,"column":8},"end":{"line":120,"column":55}},"35":{"start":{"line":127,"column":8},"end":{"line":127,"column":40}},"36":{"start":{"line":133,"column":8},"end":{"line":137,"column":10}},"37":{"start":{"line":140,"column":0},"end":{"line":143,"column":2}},"38":{"start":{"line":144,"column":0},"end":{"line":146,"column":2}},"39":{"start":{"line":150,"column":4},"end":{"line":157,"column":5}},"40":{"start":{"line":152,"column":8},"end":{"line":152,"column":49}},"41":{"start":{"line":156,"column":8},"end":{"line":156,"column":26}},"42":{"start":{"line":162,"column":4},"end":{"line":162,"column":43}},"43":{"start":{"line":176,"column":4},"end":{"line":203,"column":5}},"44":{"start":{"line":179,"column":8},"end":{"line":179,"column":61}},"45":{"start":{"line":182,"column":8},"end":{"line":198,"column":15}},"46":{"start":{"line":186,"column":16},"end":{"line":186,"column":60}},"47":{"start":{"line":188,"column":16},"end":{"line":188,"column":34}},"48":{"start":{"line":192,"column":16},"end":{"line":192,"column":108}},"49":{"start":{"line":195,"column":16},"end":{"line":195,"column":50}},"50":{"start":{"line":197,"column":16},"end":{"line":197,"column":28}},"51":{"start":{"line":202,"column":8},"end":{"line":202,"column":43}},"52":{"start":{"line":207,"column":36},"end":{"line":207,"column":64}}},"fnMap":{"0":{"name":"(anonymous_0)","decl":{"start":{"line":27,"column":21},"end":{"line":27,"column":22}},"loc":{"start":{"line":28,"column":4},"end":{"line":30,"column":5}},"line":28},"1":{"name":"(anonymous_1)","decl":{"start":{"line":31,"column":18},"end":{"line":31,"column":19}},"loc":{"start":{"line":32,"column":4},"end":{"line":34,"column":5}},"line":32},"2":{"name":"(anonymous_2)","decl":{"start":{"line":41,"column":4},"end":{"line":41,"column":5}},"loc":{"start":{"line":42,"column":4},"end":{"line":115,"column":5}},"line":42},"3":{"name":"(anonymous_3)","decl":{"start":{"line":51,"column":29},"end":{"line":51,"column":30}},"loc":{"start":{"line":52,"column":12},"end":{"line":90,"column":13}},"line":52},"4":{"name":"(anonymous_4)","decl":{"start":{"line":91,"column":26},"end":{"line":91,"column":27}},"loc":{"start":{"line":92,"column":12},"end":{"line":113,"column":13}},"line":92},"5":{"name":"(anonymous_5)","decl":{"start":{"line":95,"column":44},"end":{"line":95,"column":45}},"loc":{"start":{"line":96,"column":16},"end":{"line":108,"column":17}},"line":96},"6":{"name":"(anonymous_6)","decl":{"start":{"line":118,"column":4},"end":{"line":118,"column":5}},"loc":{"start":{"line":119,"column":4},"end":{"line":121,"column":5}},"line":119},"7":{"name":"(anonymous_7)","decl":{"start":{"line":124,"column":4},"end":{"line":124,"column":5}},"loc":{"start":{"line":125,"column":4},"end":{"line":128,"column":5}},"line":125},"8":{"name":"(anonymous_8)","decl":{"start":{"line":131,"column":4},"end":{"line":131,"column":5}},"loc":{"start":{"line":132,"column":4},"end":{"line":138,"column":5}},"line":132},"9":{"name":"getDefaultEntityTranslation","decl":{"start":{"line":148,"column":9},"end":{"line":148,"column":36}},"loc":{"start":{"line":149,"column":0},"end":{"line":158,"column":1}},"line":149},"10":{"name":"getLanguageAssetURL","decl":{"start":{"line":160,"column":9},"end":{"line":160,"column":28}},"loc":{"start":{"line":161,"column":0},"end":{"line":163,"column":1}},"line":161},"11":{"name":"loadLocale","decl":{"start":{"line":174,"column":9},"end":{"line":174,"column":19}},"loc":{"start":{"line":175,"column":0},"end":{"line":204,"column":1}},"line":175},"12":{"name":"(anonymous_12)","decl":{"start":{"line":183,"column":18},"end":{"line":183,"column":19}},"loc":{"start":{"line":184,"column":12},"end":{"line":189,"column":13}},"line":184},"13":{"name":"(anonymous_13)","decl":{"start":{"line":190,"column":19},"end":{"line":190,"column":20}},"loc":{"start":{"line":191,"column":12},"end":{"line":198,"column":13}},"line":191}},"branchMap":{"0":{"loc":{"start":{"line":55,"column":16},"end":{"line":89,"column":17}},"type":"if","locations":[{"start":{"line":55,"column":16},"end":{"line":89,"column":17}},{"start":{"line":55,"column":16},"end":{"line":89,"column":17}}],"line":55},"1":{"loc":{"start":{"line":63,"column":20},"end":{"line":88,"column":21}},"type":"if","locations":[{"start":{"line":63,"column":20},"end":{"line":88,"column":21}},{"start":{"line":63,"column":20},"end":{"line":88,"column":21}}],"line":63},"2":{"loc":{"start":{"line":70,"column":24},"end":{"line":87,"column":25}},"type":"if","locations":[{"start":{"line":70,"column":24},"end":{"line":87,"column":25}},{"start":{"line":70,"column":24},"end":{"line":87,"column":25}}],"line":70},"3":{"loc":{"start":{"line":73,"column":28},"end":{"line":81,"column":29}},"type":"if","locations":[{"start":{"line":73,"column":28},"end":{"line":81,"column":29}},{"start":{"line":73,"column":28},"end":{"line":81,"column":29}}],"line":73},"4":{"loc":{"start":{"line":93,"column":16},"end":{"line":93,"column":65}},"type":"if","locations":[{"start":{"line":93,"column":16},"end":{"line":93,"column":65}},{"start":{"line":93,"column":16},"end":{"line":93,"column":65}}],"line":93},"5":{"loc":{"start":{"line":97,"column":20},"end":{"line":97,"column":57}},"type":"if","locations":[{"start":{"line":97,"column":20},"end":{"line":97,"column":57}},{"start":{"line":97,"column":20},"end":{"line":97,"column":57}}],"line":97},"6":{"loc":{"start":{"line":100,"column":20},"end":{"line":107,"column":21}},"type":"if","locations":[{"start":{"line":100,"column":20},"end":{"line":107,"column":21}},{"start":{"line":100,"column":20},"end":{"line":107,"column":21}}],"line":100},"7":{"loc":{"start":{"line":111,"column":16},"end":{"line":111,"column":53}},"type":"if","locations":[{"start":{"line":111,"column":16},"end":{"line":111,"column":53}},{"start":{"line":111,"column":16},"end":{"line":111,"column":53}}],"line":111},"8":{"loc":{"start":{"line":150,"column":4},"end":{"line":157,"column":5}},"type":"if","locations":[{"start":{"line":150,"column":4},"end":{"line":157,"column":5}},{"start":{"line":150,"column":4},"end":{"line":157,"column":5}}],"line":150},"9":{"loc":{"start":{"line":176,"column":4},"end":{"line":203,"column":5}},"type":"if","locations":[{"start":{"line":176,"column":4},"end":{"line":203,"column":5}},{"start":{"line":176,"column":4},"end":{"line":203,"column":5}}],"line":176}},"s":{"0":2,"1":2,"2":2,"3":2,"4":2,"5":0,"6":0,"7":2,"8":1,"9":1,"10":1,"11":2,"12":2,"13":1,"14":1,"15":1,"16":0,"17":1,"18":1,"19":1,"20":0,"21":1,"22":0,"23":1,"24":0,"25":1,"26":1,"27":1,"28":0,"29":0,"30":0,"31":1,"32":0,"33":1,"34":1,"35":1,"36":2,"37":2,"38":2,"39":2,"40":0,"41":2,"42":1,"43":1,"44":1,"45":1,"46":1,"47":1,"48":0,"49":0,"50":0,"51":0,"52":2},"f":{"0":0,"1":0,"2":1,"3":2,"4":1,"5":1,"6":1,"7":1,"8":2,"9":2,"10":1,"11":1,"12":1,"13":0},"b":{"0":[1,1],"1":[0,1],"2":[1,0],"3":[0,1],"4":[0,1],"5":[1,0],"6":[0,0],"7":[0,1],"8":[0,2],"9":[1,0]},"_coverageSchema":"43e27e138ebf9cfc5966b082cf9a028302ed4184","hash":"35792f3092803b47ba12d53af87efb1c40efe634"}
,"/Users/Andy/Workspace/Web/flapjs/src/util/storybook/Fullscreen.js": {"path":"/Users/Andy/Workspace/Web/flapjs/src/util/storybook/Fullscreen.js","statementMap":{"0":{"start":{"line":3,"column":30},"end":{"line":8,"column":7}},"1":{"start":{"line":3,"column":40},"end":{"line":8,"column":6}}},"fnMap":{"0":{"name":"(anonymous_0)","decl":{"start":{"line":3,"column":30},"end":{"line":3,"column":31}},"loc":{"start":{"line":3,"column":40},"end":{"line":8,"column":6}},"line":3}},"branchMap":{},"s":{"0":1,"1":3},"f":{"0":3},"b":{},"_coverageSchema":"43e27e138ebf9cfc5966b082cf9a028302ed4184","hash":"23b8489e84a934f64042a68631a089f404fa00b5"}
,"/Users/Andy/Workspace/Web/flapjs/src/util/storybook/PropKnobs.js": {"path":"/Users/Andy/Workspace/Web/flapjs/src/util/storybook/PropKnobs.js","statementMap":{"0":{"start":{"line":9,"column":4},"end":{"line":23,"column":5}},"1":{"start":{"line":11,"column":31},"end":{"line":11,"column":43}},"2":{"start":{"line":12,"column":31},"end":{"line":12,"column":45}},"3":{"start":{"line":13,"column":29},"end":{"line":13,"column":44}},"4":{"start":{"line":14,"column":31},"end":{"line":14,"column":45}},"5":{"start":{"line":15,"column":30},"end":{"line":15,"column":44}},"6":{"start":{"line":16,"column":29},"end":{"line":16,"column":41}},"7":{"start":{"line":18,"column":32},"end":{"line":18,"column":107}},"8":{"start":{"line":18,"column":70},"end":{"line":18,"column":106}},"9":{"start":{"line":20,"column":29},"end":{"line":20,"column":104}},"10":{"start":{"line":20,"column":67},"end":{"line":20,"column":103}},"11":{"start":{"line":22,"column":17},"end":{"line":22,"column":29}},"12":{"start":{"line":50,"column":4},"end":{"line":56,"column":5}},"13":{"start":{"line":52,"column":8},"end":{"line":52,"column":24}},"14":{"start":{"line":53,"column":8},"end":{"line":53,"column":30}},"15":{"start":{"line":54,"column":8},"end":{"line":54,"column":34}},"16":{"start":{"line":55,"column":8},"end":{"line":55,"column":33}},"17":{"start":{"line":60,"column":4},"end":{"line":67,"column":5}},"18":{"start":{"line":62,"column":8},"end":{"line":62,"column":31}},"19":{"start":{"line":63,"column":8},"end":{"line":63,"column":24}},"20":{"start":{"line":64,"column":8},"end":{"line":64,"column":24}},"21":{"start":{"line":65,"column":8},"end":{"line":65,"column":22}},"22":{"start":{"line":66,"column":8},"end":{"line":66,"column":25}},"23":{"start":{"line":69,"column":19},"end":{"line":69,"column":21}},"24":{"start":{"line":71,"column":4},"end":{"line":106,"column":5}},"25":{"start":{"line":73,"column":26},"end":{"line":73,"column":64}},"26":{"start":{"line":74,"column":29},"end":{"line":74,"column":54}},"27":{"start":{"line":76,"column":20},"end":{"line":76,"column":36}},"28":{"start":{"line":77,"column":8},"end":{"line":77,"column":47}},"29":{"start":{"line":77,"column":33},"end":{"line":77,"column":47}},"30":{"start":{"line":78,"column":8},"end":{"line":79,"column":108}},"31":{"start":{"line":78,"column":28},"end":{"line":78,"column":43}},"32":{"start":{"line":79,"column":13},"end":{"line":79,"column":108}},"33":{"start":{"line":79,"column":61},"end":{"line":79,"column":108}},"34":{"start":{"line":81,"column":8},"end":{"line":105,"column":9}},"35":{"start":{"line":81,"column":20},"end":{"line":81,"column":30}},"36":{"start":{"line":83,"column":39},"end":{"line":83,"column":51}},"37":{"start":{"line":86,"column":12},"end":{"line":86,"column":69}},"38":{"start":{"line":86,"column":60},"end":{"line":86,"column":69}},"39":{"start":{"line":88,"column":31},"end":{"line":88,"column":40}},"40":{"start":{"line":90,"column":12},"end":{"line":97,"column":13}},"41":{"start":{"line":92,"column":16},"end":{"line":92,"column":54}},"42":{"start":{"line":94,"column":17},"end":{"line":97,"column":13}},"43":{"start":{"line":96,"column":16},"end":{"line":96,"column":25}},"44":{"start":{"line":99,"column":23},"end":{"line":99,"column":51}},"45":{"start":{"line":101,"column":12},"end":{"line":104,"column":13}},"46":{"start":{"line":103,"column":16},"end":{"line":103,"column":78}},"47":{"start":{"line":107,"column":4},"end":{"line":107,"column":18}}},"fnMap":{"0":{"name":"getKnobForPropType","decl":{"start":{"line":7,"column":9},"end":{"line":7,"column":27}},"loc":{"start":{"line":8,"column":0},"end":{"line":24,"column":1}},"line":8},"1":{"name":"(anonymous_1)","decl":{"start":{"line":18,"column":39},"end":{"line":18,"column":40}},"loc":{"start":{"line":18,"column":70},"end":{"line":18,"column":106}},"line":18},"2":{"name":"(anonymous_2)","decl":{"start":{"line":18,"column":83},"end":{"line":18,"column":84}},"loc":{"start":{"line":18,"column":89},"end":{"line":18,"column":91}},"line":18},"3":{"name":"(anonymous_3)","decl":{"start":{"line":20,"column":36},"end":{"line":20,"column":37}},"loc":{"start":{"line":20,"column":67},"end":{"line":20,"column":103}},"line":20},"4":{"name":"(anonymous_4)","decl":{"start":{"line":20,"column":80},"end":{"line":20,"column":81}},"loc":{"start":{"line":20,"column":86},"end":{"line":20,"column":88}},"line":20},"5":{"name":"propKnobs","decl":{"start":{"line":47,"column":16},"end":{"line":47,"column":25}},"loc":{"start":{"line":48,"column":0},"end":{"line":108,"column":1}},"line":48}},"branchMap":{"0":{"loc":{"start":{"line":9,"column":4},"end":{"line":23,"column":5}},"type":"switch","locations":[{"start":{"line":11,"column":8},"end":{"line":11,"column":43}},{"start":{"line":12,"column":8},"end":{"line":12,"column":45}},{"start":{"line":13,"column":8},"end":{"line":13,"column":44}},{"start":{"line":14,"column":8},"end":{"line":14,"column":45}},{"start":{"line":15,"column":8},"end":{"line":15,"column":44}},{"start":{"line":16,"column":8},"end":{"line":16,"column":41}},{"start":{"line":18,"column":8},"end":{"line":18,"column":107}},{"start":{"line":20,"column":8},"end":{"line":20,"column":104}},{"start":{"line":22,"column":8},"end":{"line":22,"column":29}}],"line":9},"1":{"loc":{"start":{"line":47,"column":54},"end":{"line":47,"column":69}},"type":"default-arg","locations":[{"start":{"line":47,"column":67},"end":{"line":47,"column":69}}],"line":47},"2":{"loc":{"start":{"line":47,"column":71},"end":{"line":47,"column":84}},"type":"default-arg","locations":[{"start":{"line":47,"column":82},"end":{"line":47,"column":84}}],"line":47},"3":{"loc":{"start":{"line":50,"column":4},"end":{"line":56,"column":5}},"type":"if","locations":[{"start":{"line":50,"column":4},"end":{"line":56,"column":5}},{"start":{"line":50,"column":4},"end":{"line":56,"column":5}}],"line":50},"4":{"loc":{"start":{"line":60,"column":4},"end":{"line":67,"column":5}},"type":"if","locations":[{"start":{"line":60,"column":4},"end":{"line":67,"column":5}},{"start":{"line":60,"column":4},"end":{"line":67,"column":5}}],"line":60},"5":{"loc":{"start":{"line":71,"column":4},"end":{"line":106,"column":5}},"type":"if","locations":[{"start":{"line":71,"column":4},"end":{"line":106,"column":5}},{"start":{"line":71,"column":4},"end":{"line":106,"column":5}}],"line":71},"6":{"loc":{"start":{"line":71,"column":8},"end":{"line":71,"column":46}},"type":"binary-expr","locations":[{"start":{"line":71,"column":8},"end":{"line":71,"column":20}},{"start":{"line":71,"column":24},"end":{"line":71,"column":46}}],"line":71},"7":{"loc":{"start":{"line":77,"column":8},"end":{"line":77,"column":47}},"type":"if","locations":[{"start":{"line":77,"column":8},"end":{"line":77,"column":47}},{"start":{"line":77,"column":8},"end":{"line":77,"column":47}}],"line":77},"8":{"loc":{"start":{"line":78,"column":8},"end":{"line":79,"column":108}},"type":"if","locations":[{"start":{"line":78,"column":8},"end":{"line":79,"column":108}},{"start":{"line":78,"column":8},"end":{"line":79,"column":108}}],"line":78},"9":{"loc":{"start":{"line":79,"column":13},"end":{"line":79,"column":108}},"type":"if","locations":[{"start":{"line":79,"column":13},"end":{"line":79,"column":108}},{"start":{"line":79,"column":13},"end":{"line":79,"column":108}}],"line":79},"10":{"loc":{"start":{"line":79,"column":17},"end":{"line":79,"column":59}},"type":"binary-expr","locations":[{"start":{"line":79,"column":17},"end":{"line":79,"column":33}},{"start":{"line":79,"column":37},"end":{"line":79,"column":59}}],"line":79},"11":{"loc":{"start":{"line":86,"column":12},"end":{"line":86,"column":69}},"type":"if","locations":[{"start":{"line":86,"column":12},"end":{"line":86,"column":69}},{"start":{"line":86,"column":12},"end":{"line":86,"column":69}}],"line":86},"12":{"loc":{"start":{"line":86,"column":16},"end":{"line":86,"column":58}},"type":"binary-expr","locations":[{"start":{"line":86,"column":16},"end":{"line":86,"column":25}},{"start":{"line":86,"column":29},"end":{"line":86,"column":58}}],"line":86},"13":{"loc":{"start":{"line":90,"column":12},"end":{"line":97,"column":13}},"type":"if","locations":[{"start":{"line":90,"column":12},"end":{"line":97,"column":13}},{"start":{"line":90,"column":12},"end":{"line":97,"column":13}}],"line":90},"14":{"loc":{"start":{"line":94,"column":17},"end":{"line":97,"column":13}},"type":"if","locations":[{"start":{"line":94,"column":17},"end":{"line":97,"column":13}},{"start":{"line":94,"column":17},"end":{"line":97,"column":13}}],"line":94},"15":{"loc":{"start":{"line":94,"column":21},"end":{"line":94,"column":45}},"type":"binary-expr","locations":[{"start":{"line":94,"column":21},"end":{"line":94,"column":25}},{"start":{"line":94,"column":29},"end":{"line":94,"column":45}}],"line":94},"16":{"loc":{"start":{"line":101,"column":12},"end":{"line":104,"column":13}},"type":"if","locations":[{"start":{"line":101,"column":12},"end":{"line":104,"column":13}},{"start":{"line":101,"column":12},"end":{"line":104,"column":13}}],"line":101}},"s":{"0":39,"1":10,"2":0,"3":4,"4":1,"5":0,"6":4,"7":0,"8":0,"9":7,"10":7,"11":13,"12":16,"13":0,"14":0,"15":0,"16":0,"17":16,"18":0,"19":0,"20":0,"21":0,"22":0,"23":16,"24":16,"25":16,"26":16,"27":16,"28":16,"29":2,"30":14,"31":0,"32":14,"33":6,"34":14,"35":14,"36":39,"37":39,"38":0,"39":39,"40":39,"41":39,"42":0,"43":0,"44":39,"45":39,"46":39,"47":14},"f":{"0":39,"1":0,"2":0,"3":7,"4":0,"5":16},"b":{"0":[10,0,4,1,0,4,0,7,13],"1":[0],"2":[8],"3":[0,16],"4":[0,16],"5":[16,0],"6":[16,16],"7":[2,14],"8":[0,14],"9":[6,8],"10":[14,12],"11":[0,39],"12":[39,0],"13":[39,0],"14":[0,0],"15":[0,0],"16":[39,0]},"_coverageSchema":"43e27e138ebf9cfc5966b082cf9a028302ed4184","hash":"9674cf5dab45a01b266a3c02c731553454f71a91"}
}
