{"/Users/Andy/Workspace/Web/flapjs/src/components/app/App.jsx": {"path":"/Users/Andy/Workspace/Web/flapjs/src/components/app/App.jsx","statementMap":{"0":{"start":{"line":17,"column":8},"end":{"line":17,"column":21}},"1":{"start":{"line":23,"column":22},"end":{"line":23,"column":32}},"2":{"start":{"line":25,"column":8},"end":{"line":55,"column":10}},"3":{"start":{"line":35,"column":32},"end":{"line":49,"column":38}},"4":{"start":{"line":36,"column":81},"end":{"line":36,"column":103}},"5":{"start":{"line":39,"column":81},"end":{"line":39,"column":103}},"6":{"start":{"line":42,"column":81},"end":{"line":42,"column":103}},"7":{"start":{"line":46,"column":81},"end":{"line":46,"column":103}},"8":{"start":{"line":59,"column":0},"end":{"line":61,"column":2}},"9":{"start":{"line":62,"column":0},"end":{"line":63,"column":2}}},"fnMap":{"0":{"name":"(anonymous_0)","decl":{"start":{"line":15,"column":4},"end":{"line":15,"column":5}},"loc":{"start":{"line":16,"column":4},"end":{"line":18,"column":5}},"line":16},"1":{"name":"(anonymous_1)","decl":{"start":{"line":21,"column":4},"end":{"line":21,"column":5}},"loc":{"start":{"line":22,"column":4},"end":{"line":56,"column":5}},"line":22},"2":{"name":"(anonymous_2)","decl":{"start":{"line":34,"column":43},"end":{"line":34,"column":44}},"loc":{"start":{"line":35,"column":32},"end":{"line":49,"column":38}},"line":35},"3":{"name":"(anonymous_3)","decl":{"start":{"line":36,"column":75},"end":{"line":36,"column":76}},"loc":{"start":{"line":36,"column":81},"end":{"line":36,"column":103}},"line":36},"4":{"name":"(anonymous_4)","decl":{"start":{"line":39,"column":75},"end":{"line":39,"column":76}},"loc":{"start":{"line":39,"column":81},"end":{"line":39,"column":103}},"line":39},"5":{"name":"(anonymous_5)","decl":{"start":{"line":42,"column":75},"end":{"line":42,"column":76}},"loc":{"start":{"line":42,"column":81},"end":{"line":42,"column":103}},"line":42},"6":{"name":"(anonymous_6)","decl":{"start":{"line":46,"column":75},"end":{"line":46,"column":76}},"loc":{"start":{"line":46,"column":81},"end":{"line":46,"column":103}},"line":46}},"branchMap":{"0":{"loc":{"start":{"line":26,"column":47},"end":{"line":26,"column":68}},"type":"binary-expr","locations":[{"start":{"line":26,"column":47},"end":{"line":26,"column":62}},{"start":{"line":26,"column":66},"end":{"line":26,"column":68}}],"line":26}},"s":{"0":2,"1":2,"2":2,"3":2,"4":0,"5":0,"6":0,"7":0,"8":2,"9":2},"f":{"0":2,"1":2,"2":2,"3":0,"4":0,"5":0,"6":0},"b":{"0":[2,2]},"_coverageSchema":"43e27e138ebf9cfc5966b082cf9a028302ed4184","hash":"124f7942811f7969d7d88c736949dfc1f901cae0"}
,"/Users/Andy/Workspace/Web/flapjs/src/components/example/helloWorld/HelloWorld.jsx": {"path":"/Users/Andy/Workspace/Web/flapjs/src/components/example/helloWorld/HelloWorld.jsx","statementMap":{"0":{"start":{"line":16,"column":8},"end":{"line":16,"column":21}},"1":{"start":{"line":18,"column":8},"end":{"line":20,"column":10}},"2":{"start":{"line":22,"column":8},"end":{"line":22,"column":47}},"3":{"start":{"line":32,"column":8},"end":{"line":32,"column":60}},"4":{"start":{"line":32,"column":31},"end":{"line":32,"column":57}},"5":{"start":{"line":34,"column":8},"end":{"line":34,"column":54}},"6":{"start":{"line":34,"column":32},"end":{"line":34,"column":54}},"7":{"start":{"line":40,"column":8},"end":{"line":51,"column":10}},"8":{"start":{"line":55,"column":0},"end":{"line":63,"column":2}},"9":{"start":{"line":64,"column":0},"end":{"line":66,"column":2}}},"fnMap":{"0":{"name":"(anonymous_0)","decl":{"start":{"line":14,"column":4},"end":{"line":14,"column":5}},"loc":{"start":{"line":15,"column":4},"end":{"line":23,"column":5}},"line":15},"1":{"name":"(anonymous_1)","decl":{"start":{"line":29,"column":4},"end":{"line":29,"column":5}},"loc":{"start":{"line":30,"column":4},"end":{"line":35,"column":5}},"line":30},"2":{"name":"(anonymous_2)","decl":{"start":{"line":32,"column":22},"end":{"line":32,"column":23}},"loc":{"start":{"line":32,"column":31},"end":{"line":32,"column":57}},"line":32},"3":{"name":"(anonymous_3)","decl":{"start":{"line":38,"column":4},"end":{"line":38,"column":5}},"loc":{"start":{"line":39,"column":4},"end":{"line":52,"column":5}},"line":39}},"branchMap":{"0":{"loc":{"start":{"line":34,"column":8},"end":{"line":34,"column":54}},"type":"if","locations":[{"start":{"line":34,"column":8},"end":{"line":34,"column":54}},{"start":{"line":34,"column":8},"end":{"line":34,"column":54}}],"line":34},"1":{"loc":{"start":{"line":44,"column":32},"end":{"line":44,"column":58}},"type":"binary-expr","locations":[{"start":{"line":44,"column":32},"end":{"line":44,"column":52}},{"start":{"line":44,"column":56},"end":{"line":44,"column":58}}],"line":44},"2":{"loc":{"start":{"line":46,"column":27},"end":{"line":46,"column":97}},"type":"cond-expr","locations":[{"start":{"line":46,"column":72},"end":{"line":46,"column":92}},{"start":{"line":46,"column":95},"end":{"line":46,"column":97}}],"line":46},"3":{"loc":{"start":{"line":46,"column":28},"end":{"line":46,"column":68}},"type":"binary-expr","locations":[{"start":{"line":46,"column":28},"end":{"line":46,"column":46}},{"start":{"line":46,"column":50},"end":{"line":46,"column":68}}],"line":46}},"s":{"0":10,"1":10,"2":10,"3":5,"4":5,"5":5,"6":0,"7":17,"8":2,"9":2},"f":{"0":10,"1":5,"2":5,"3":17},"b":{"0":[0,5],"1":[17,17],"2":[7,10],"3":[17,14]},"_coverageSchema":"43e27e138ebf9cfc5966b082cf9a028302ed4184","hash":"326ca1d51cdc6ddd4b45bd50237e39ade2214e23"}
,"/Users/Andy/Workspace/Web/flapjs/src/components/icons/Icons.js": {"path":"/Users/Andy/Workspace/Web/flapjs/src/components/icons/Icons.js","statementMap":{},"fnMap":{},"branchMap":{},"s":{},"f":{},"b":{},"_coverageSchema":"43e27e138ebf9cfc5966b082cf9a028302ed4184","hash":"c25480587a3b772e1986c278fed76111d10c80e8"}
,"/Users/Andy/Workspace/Web/flapjs/src/components/workspace/Workspace.jsx": {"path":"/Users/Andy/Workspace/Web/flapjs/src/components/workspace/Workspace.jsx","statementMap":{"0":{"start":{"line":12,"column":8},"end":{"line":12,"column":21}},"1":{"start":{"line":14,"column":8},"end":{"line":18,"column":10}},"2":{"start":{"line":20,"column":8},"end":{"line":20,"column":43}},"3":{"start":{"line":21,"column":8},"end":{"line":21,"column":40}},"4":{"start":{"line":23,"column":8},"end":{"line":23,"column":55}},"5":{"start":{"line":24,"column":8},"end":{"line":24,"column":79}},"6":{"start":{"line":25,"column":8},"end":{"line":25,"column":77}},"7":{"start":{"line":26,"column":8},"end":{"line":26,"column":75}},"8":{"start":{"line":31,"column":27},"end":{"line":31,"column":70}},"9":{"start":{"line":32,"column":8},"end":{"line":32,"column":71}},"10":{"start":{"line":33,"column":8},"end":{"line":33,"column":72}},"11":{"start":{"line":35,"column":8},"end":{"line":35,"column":76}},"12":{"start":{"line":36,"column":8},"end":{"line":36,"column":73}},"13":{"start":{"line":41,"column":19},"end":{"line":41,"column":62}},"14":{"start":{"line":42,"column":8},"end":{"line":42,"column":78}},"15":{"start":{"line":47,"column":8},"end":{"line":47,"column":79}},"16":{"start":{"line":48,"column":8},"end":{"line":48,"column":76}},"17":{"start":{"line":53,"column":8},"end":{"line":56,"column":9}},"18":{"start":{"line":55,"column":12},"end":{"line":55,"column":52}},"19":{"start":{"line":61,"column":8},"end":{"line":64,"column":9}},"20":{"start":{"line":63,"column":12},"end":{"line":63,"column":43}},"21":{"start":{"line":69,"column":8},"end":{"line":72,"column":11}},"22":{"start":{"line":71,"column":12},"end":{"line":71,"column":50}},"23":{"start":{"line":78,"column":22},"end":{"line":78,"column":32}},"24":{"start":{"line":79,"column":21},"end":{"line":79,"column":36}},"25":{"start":{"line":81,"column":30},"end":{"line":81,"column":49}},"26":{"start":{"line":82,"column":31},"end":{"line":82,"column":51}},"27":{"start":{"line":83,"column":29},"end":{"line":83,"column":47}},"28":{"start":{"line":84,"column":33},"end":{"line":84,"column":55}},"29":{"start":{"line":85,"column":33},"end":{"line":85,"column":55}},"30":{"start":{"line":87,"column":8},"end":{"line":117,"column":10}},"31":{"start":{"line":121,"column":0},"end":{"line":128,"column":2}},"32":{"start":{"line":129,"column":0},"end":{"line":130,"column":2}}},"fnMap":{"0":{"name":"(anonymous_0)","decl":{"start":{"line":10,"column":4},"end":{"line":10,"column":5}},"loc":{"start":{"line":11,"column":4},"end":{"line":27,"column":5}},"line":11},"1":{"name":"(anonymous_1)","decl":{"start":{"line":29,"column":4},"end":{"line":29,"column":5}},"loc":{"start":{"line":30,"column":4},"end":{"line":37,"column":5}},"line":30},"2":{"name":"(anonymous_2)","decl":{"start":{"line":39,"column":4},"end":{"line":39,"column":5}},"loc":{"start":{"line":40,"column":4},"end":{"line":43,"column":5}},"line":40},"3":{"name":"(anonymous_3)","decl":{"start":{"line":45,"column":4},"end":{"line":45,"column":5}},"loc":{"start":{"line":46,"column":4},"end":{"line":49,"column":5}},"line":46},"4":{"name":"(anonymous_4)","decl":{"start":{"line":51,"column":4},"end":{"line":51,"column":5}},"loc":{"start":{"line":52,"column":4},"end":{"line":57,"column":5}},"line":52},"5":{"name":"(anonymous_5)","decl":{"start":{"line":59,"column":4},"end":{"line":59,"column":5}},"loc":{"start":{"line":60,"column":4},"end":{"line":65,"column":5}},"line":60},"6":{"name":"(anonymous_6)","decl":{"start":{"line":67,"column":4},"end":{"line":67,"column":5}},"loc":{"start":{"line":68,"column":4},"end":{"line":73,"column":5}},"line":68},"7":{"name":"(anonymous_7)","decl":{"start":{"line":69,"column":22},"end":{"line":69,"column":23}},"loc":{"start":{"line":70,"column":8},"end":{"line":72,"column":9}},"line":70},"8":{"name":"(anonymous_8)","decl":{"start":{"line":76,"column":4},"end":{"line":76,"column":5}},"loc":{"start":{"line":77,"column":4},"end":{"line":118,"column":5}},"line":77}},"branchMap":{"0":{"loc":{"start":{"line":51,"column":15},"end":{"line":51,"column":27}},"type":"default-arg","locations":[{"start":{"line":51,"column":26},"end":{"line":51,"column":27}}],"line":51},"1":{"loc":{"start":{"line":53,"column":8},"end":{"line":56,"column":9}},"type":"if","locations":[{"start":{"line":53,"column":8},"end":{"line":56,"column":9}},{"start":{"line":53,"column":8},"end":{"line":56,"column":9}}],"line":53},"2":{"loc":{"start":{"line":61,"column":8},"end":{"line":64,"column":9}},"type":"if","locations":[{"start":{"line":61,"column":8},"end":{"line":64,"column":9}},{"start":{"line":61,"column":8},"end":{"line":64,"column":9}}],"line":61},"3":{"loc":{"start":{"line":67,"column":17},"end":{"line":67,"column":29}},"type":"default-arg","locations":[{"start":{"line":67,"column":28},"end":{"line":67,"column":29}}],"line":67},"4":{"loc":{"start":{"line":89,"column":46},"end":{"line":89,"column":67}},"type":"binary-expr","locations":[{"start":{"line":89,"column":46},"end":{"line":89,"column":61}},{"start":{"line":89,"column":65},"end":{"line":89,"column":67}}],"line":89},"5":{"loc":{"start":{"line":93,"column":25},"end":{"line":93,"column":61}},"type":"binary-expr","locations":[{"start":{"line":93,"column":25},"end":{"line":93,"column":38}},{"start":{"line":93,"column":42},"end":{"line":93,"column":61}}],"line":93},"6":{"loc":{"start":{"line":96,"column":25},"end":{"line":96,"column":63}},"type":"binary-expr","locations":[{"start":{"line":96,"column":25},"end":{"line":96,"column":39}},{"start":{"line":96,"column":43},"end":{"line":96,"column":63}}],"line":96},"7":{"loc":{"start":{"line":98,"column":70},"end":{"line":98,"column":90}},"type":"cond-expr","locations":[{"start":{"line":98,"column":77},"end":{"line":98,"column":85}},{"start":{"line":98,"column":88},"end":{"line":98,"column":90}}],"line":98},"8":{"loc":{"start":{"line":104,"column":29},"end":{"line":104,"column":63}},"type":"binary-expr","locations":[{"start":{"line":104,"column":29},"end":{"line":104,"column":41}},{"start":{"line":104,"column":45},"end":{"line":104,"column":63}}],"line":104},"9":{"loc":{"start":{"line":109,"column":25},"end":{"line":109,"column":61}},"type":"binary-expr","locations":[{"start":{"line":109,"column":25},"end":{"line":109,"column":38}},{"start":{"line":109,"column":42},"end":{"line":109,"column":61}}],"line":109},"10":{"loc":{"start":{"line":111,"column":21},"end":{"line":111,"column":63}},"type":"binary-expr","locations":[{"start":{"line":111,"column":21},"end":{"line":111,"column":37}},{"start":{"line":111,"column":41},"end":{"line":111,"column":63}}],"line":111},"11":{"loc":{"start":{"line":114,"column":21},"end":{"line":114,"column":63}},"type":"binary-expr","locations":[{"start":{"line":114,"column":21},"end":{"line":114,"column":37}},{"start":{"line":114,"column":41},"end":{"line":114,"column":63}}],"line":114}},"s":{"0":3,"1":3,"2":3,"3":3,"4":3,"5":3,"6":3,"7":3,"8":0,"9":0,"10":0,"11":0,"12":0,"13":0,"14":0,"15":0,"16":0,"17":0,"18":0,"19":0,"20":0,"21":0,"22":0,"23":3,"24":3,"25":3,"26":3,"27":3,"28":3,"29":3,"30":3,"31":3,"32":3},"f":{"0":3,"1":0,"2":0,"3":0,"4":0,"5":0,"6":0,"7":0,"8":3},"b":{"0":[0],"1":[0,0],"2":[0,0],"3":[0],"4":[3,3],"5":[3,1],"6":[3,0],"7":[3,0],"8":[3,0],"9":[3,1],"10":[3,0],"11":[3,0]},"_coverageSchema":"43e27e138ebf9cfc5966b082cf9a028302ed4184","hash":"50f08ff26d386ae9b7a311086822e22dd046f2a2"}
,"/Users/Andy/Workspace/Web/flapjs/src/util/Logger.js": {"path":"/Users/Andy/Workspace/Web/flapjs/src/util/Logger.js","statementMap":{"0":{"start":{"line":3,"column":21},"end":{"line":3,"column":29}},"1":{"start":{"line":4,"column":27},"end":{"line":9,"column":1}},"2":{"start":{"line":13,"column":4},"end":{"line":19,"column":6}},"3":{"start":{"line":24,"column":22},"end":{"line":24,"column":78}},"4":{"start":{"line":25,"column":4},"end":{"line":25,"column":48}},"5":{"start":{"line":40,"column":23},"end":{"line":40,"column":49}},"6":{"start":{"line":41,"column":8},"end":{"line":41,"column":29}},"7":{"start":{"line":52,"column":23},"end":{"line":52,"column":84}},"8":{"start":{"line":53,"column":8},"end":{"line":53,"column":31}}},"fnMap":{"0":{"name":"getLogTagStyle","decl":{"start":{"line":11,"column":9},"end":{"line":11,"column":23}},"loc":{"start":{"line":12,"column":0},"end":{"line":20,"column":1}},"line":12},"1":{"name":"print","decl":{"start":{"line":22,"column":9},"end":{"line":22,"column":14}},"loc":{"start":{"line":23,"column":0},"end":{"line":26,"column":1}},"line":23},"2":{"name":"(anonymous_2)","decl":{"start":{"line":38,"column":4},"end":{"line":38,"column":5}},"loc":{"start":{"line":39,"column":4},"end":{"line":42,"column":5}},"line":39},"3":{"name":"(anonymous_3)","decl":{"start":{"line":50,"column":4},"end":{"line":50,"column":5}},"loc":{"start":{"line":51,"column":4},"end":{"line":54,"column":5}},"line":51}},"branchMap":{"0":{"loc":{"start":{"line":50,"column":31},"end":{"line":50,"column":41}},"type":"default-arg","locations":[{"start":{"line":50,"column":37},"end":{"line":50,"column":41}}],"line":50},"1":{"loc":{"start":{"line":52,"column":43},"end":{"line":52,"column":73}},"type":"cond-expr","locations":[{"start":{"line":52,"column":49},"end":{"line":52,"column":68}},{"start":{"line":52,"column":71},"end":{"line":52,"column":73}}],"line":52}},"s":{"0":2,"1":2,"2":0,"3":0,"4":0,"5":0,"6":0,"7":0,"8":0},"f":{"0":0,"1":0,"2":0,"3":0},"b":{"0":[0],"1":[0,0]},"_coverageSchema":"43e27e138ebf9cfc5966b082cf9a028302ed4184","hash":"2e234225d8ee90f315cd6f4a228a4700d7453873"}
,"/Users/Andy/Workspace/Web/flapjs/src/util/localization/LanguageMap.js": {"path":"/Users/Andy/Workspace/Web/flapjs/src/util/localization/LanguageMap.js","statementMap":{"0":{"start":{"line":10,"column":8},"end":{"line":22,"column":15}},"1":{"start":{"line":13,"column":16},"end":{"line":16,"column":17}},"2":{"start":{"line":15,"column":20},"end":{"line":15,"column":57}},"3":{"start":{"line":18,"column":16},"end":{"line":21,"column":19}},"4":{"start":{"line":20,"column":20},"end":{"line":20,"column":53}},"5":{"start":{"line":32,"column":30},"end":{"line":32,"column":39}},"6":{"start":{"line":33,"column":22},"end":{"line":33,"column":50}},"7":{"start":{"line":34,"column":24},"end":{"line":34,"column":25}},"8":{"start":{"line":35,"column":8},"end":{"line":62,"column":9}},"9":{"start":{"line":37,"column":12},"end":{"line":37,"column":24}},"10":{"start":{"line":38,"column":12},"end":{"line":38,"column":31}},"11":{"start":{"line":40,"column":12},"end":{"line":40,"column":48}},"12":{"start":{"line":40,"column":39},"end":{"line":40,"column":48}},"13":{"start":{"line":42,"column":12},"end":{"line":42,"column":43}},"14":{"start":{"line":42,"column":34},"end":{"line":42,"column":43}},"15":{"start":{"line":44,"column":26},"end":{"line":44,"column":43}},"16":{"start":{"line":45,"column":12},"end":{"line":48,"column":13}},"17":{"start":{"line":47,"column":16},"end":{"line":47,"column":112}},"18":{"start":{"line":50,"column":31},"end":{"line":50,"column":62}},"19":{"start":{"line":51,"column":12},"end":{"line":58,"column":13}},"20":{"start":{"line":53,"column":16},"end":{"line":53,"column":97}},"21":{"start":{"line":55,"column":17},"end":{"line":58,"column":13}},"22":{"start":{"line":57,"column":16},"end":{"line":57,"column":154}},"23":{"start":{"line":60,"column":32},"end":{"line":60,"column":64}},"24":{"start":{"line":61,"column":12},"end":{"line":61,"column":55}},"25":{"start":{"line":63,"column":8},"end":{"line":63,"column":46}},"26":{"start":{"line":72,"column":8},"end":{"line":72,"column":38}},"27":{"start":{"line":73,"column":8},"end":{"line":73,"column":41}},"28":{"start":{"line":83,"column":8},"end":{"line":83,"column":45}},"29":{"start":{"line":94,"column":8},"end":{"line":106,"column":9}},"30":{"start":{"line":96,"column":40},"end":{"line":96,"column":69}},"31":{"start":{"line":97,"column":12},"end":{"line":97,"column":65}},"32":{"start":{"line":99,"column":13},"end":{"line":106,"column":9}},"33":{"start":{"line":101,"column":12},"end":{"line":101,"column":69}},"34":{"start":{"line":105,"column":12},"end":{"line":105,"column":37}},"35":{"start":{"line":119,"column":4},"end":{"line":130,"column":7}},"36":{"start":{"line":121,"column":27},"end":{"line":121,"column":41}},"37":{"start":{"line":122,"column":8},"end":{"line":129,"column":9}},"38":{"start":{"line":124,"column":12},"end":{"line":124,"column":38}},"39":{"start":{"line":128,"column":12},"end":{"line":128,"column":36}}},"fnMap":{"0":{"name":"(anonymous_0)","decl":{"start":{"line":8,"column":4},"end":{"line":8,"column":5}},"loc":{"start":{"line":9,"column":4},"end":{"line":23,"column":5}},"line":9},"1":{"name":"(anonymous_1)","decl":{"start":{"line":11,"column":18},"end":{"line":11,"column":19}},"loc":{"start":{"line":12,"column":12},"end":{"line":22,"column":13}},"line":12},"2":{"name":"(anonymous_2)","decl":{"start":{"line":18,"column":44},"end":{"line":18,"column":45}},"loc":{"start":{"line":19,"column":16},"end":{"line":21,"column":17}},"line":19},"3":{"name":"(anonymous_3)","decl":{"start":{"line":30,"column":4},"end":{"line":30,"column":5}},"loc":{"start":{"line":31,"column":4},"end":{"line":64,"column":5}},"line":31},"4":{"name":"(anonymous_4)","decl":{"start":{"line":70,"column":4},"end":{"line":70,"column":5}},"loc":{"start":{"line":71,"column":4},"end":{"line":74,"column":5}},"line":71},"5":{"name":"(anonymous_5)","decl":{"start":{"line":81,"column":4},"end":{"line":81,"column":5}},"loc":{"start":{"line":82,"column":4},"end":{"line":84,"column":5}},"line":82},"6":{"name":"(anonymous_6)","decl":{"start":{"line":92,"column":4},"end":{"line":92,"column":5}},"loc":{"start":{"line":93,"column":4},"end":{"line":107,"column":5}},"line":93},"7":{"name":"parameterizeString","decl":{"start":{"line":117,"column":9},"end":{"line":117,"column":27}},"loc":{"start":{"line":118,"column":0},"end":{"line":131,"column":1}},"line":118},"8":{"name":"(anonymous_8)","decl":{"start":{"line":119,"column":38},"end":{"line":119,"column":39}},"loc":{"start":{"line":120,"column":4},"end":{"line":130,"column":5}},"line":120}},"branchMap":{"0":{"loc":{"start":{"line":13,"column":16},"end":{"line":16,"column":17}},"type":"if","locations":[{"start":{"line":13,"column":16},"end":{"line":16,"column":17}},{"start":{"line":13,"column":16},"end":{"line":16,"column":17}}],"line":13},"1":{"loc":{"start":{"line":40,"column":12},"end":{"line":40,"column":48}},"type":"if","locations":[{"start":{"line":40,"column":12},"end":{"line":40,"column":48}},{"start":{"line":40,"column":12},"end":{"line":40,"column":48}}],"line":40},"2":{"loc":{"start":{"line":42,"column":12},"end":{"line":42,"column":43}},"type":"if","locations":[{"start":{"line":42,"column":12},"end":{"line":42,"column":43}},{"start":{"line":42,"column":12},"end":{"line":42,"column":43}}],"line":42},"3":{"loc":{"start":{"line":45,"column":12},"end":{"line":48,"column":13}},"type":"if","locations":[{"start":{"line":45,"column":12},"end":{"line":48,"column":13}},{"start":{"line":45,"column":12},"end":{"line":48,"column":13}}],"line":45},"4":{"loc":{"start":{"line":51,"column":12},"end":{"line":58,"column":13}},"type":"if","locations":[{"start":{"line":51,"column":12},"end":{"line":58,"column":13}},{"start":{"line":51,"column":12},"end":{"line":58,"column":13}}],"line":51},"5":{"loc":{"start":{"line":55,"column":17},"end":{"line":58,"column":13}},"type":"if","locations":[{"start":{"line":55,"column":17},"end":{"line":58,"column":13}},{"start":{"line":55,"column":17},"end":{"line":58,"column":13}}],"line":55},"6":{"loc":{"start":{"line":70,"column":16},"end":{"line":70,"column":41}},"type":"default-arg","locations":[{"start":{"line":70,"column":32},"end":{"line":70,"column":41}}],"line":70},"7":{"loc":{"start":{"line":70,"column":43},"end":{"line":70,"column":62}},"type":"default-arg","locations":[{"start":{"line":70,"column":58},"end":{"line":70,"column":62}}],"line":70},"8":{"loc":{"start":{"line":94,"column":8},"end":{"line":106,"column":9}},"type":"if","locations":[{"start":{"line":94,"column":8},"end":{"line":106,"column":9}},{"start":{"line":94,"column":8},"end":{"line":106,"column":9}}],"line":94},"9":{"loc":{"start":{"line":99,"column":13},"end":{"line":106,"column":9}},"type":"if","locations":[{"start":{"line":99,"column":13},"end":{"line":106,"column":9}},{"start":{"line":99,"column":13},"end":{"line":106,"column":9}}],"line":99},"10":{"loc":{"start":{"line":122,"column":8},"end":{"line":129,"column":9}},"type":"if","locations":[{"start":{"line":122,"column":8},"end":{"line":129,"column":9}},{"start":{"line":122,"column":8},"end":{"line":129,"column":9}}],"line":122}},"s":{"0":1,"1":1,"2":0,"3":1,"4":1,"5":1,"6":1,"7":1,"8":1,"9":1,"10":1,"11":1,"12":0,"13":1,"14":1,"15":0,"16":0,"17":0,"18":0,"19":0,"20":0,"21":0,"22":0,"23":0,"24":0,"25":1,"26":3,"27":3,"28":2,"29":0,"30":0,"31":0,"32":0,"33":0,"34":0,"35":0,"36":0,"37":0,"38":0,"39":0},"f":{"0":1,"1":1,"2":1,"3":1,"4":3,"5":2,"6":0,"7":0,"8":0},"b":{"0":[0,1],"1":[0,1],"2":[1,0],"3":[0,0],"4":[0,0],"5":[0,0],"6":[0],"7":[1],"8":[0,0],"9":[0,0],"10":[0,0]},"_coverageSchema":"43e27e138ebf9cfc5966b082cf9a028302ed4184","hash":"35fa3af997e2ddd2c7aa66ff29b0498d4371cca4"}
,"/Users/Andy/Workspace/Web/flapjs/src/util/localization/LocaleString.jsx": {"path":"/Users/Andy/Workspace/Web/flapjs/src/util/localization/LocaleString.jsx","statementMap":{"0":{"start":{"line":13,"column":8},"end":{"line":13,"column":21}},"1":{"start":{"line":19,"column":22},"end":{"line":19,"column":32}},"2":{"start":{"line":20,"column":23},"end":{"line":20,"column":35}},"3":{"start":{"line":21,"column":23},"end":{"line":21,"column":35}},"4":{"start":{"line":23,"column":8},"end":{"line":27,"column":10}},"5":{"start":{"line":25,"column":28},"end":{"line":25,"column":70}},"6":{"start":{"line":31,"column":0},"end":{"line":34,"column":2}},"7":{"start":{"line":35,"column":0},"end":{"line":37,"column":2}}},"fnMap":{"0":{"name":"(anonymous_0)","decl":{"start":{"line":11,"column":4},"end":{"line":11,"column":5}},"loc":{"start":{"line":12,"column":4},"end":{"line":14,"column":5}},"line":12},"1":{"name":"(anonymous_1)","decl":{"start":{"line":17,"column":4},"end":{"line":17,"column":5}},"loc":{"start":{"line":18,"column":4},"end":{"line":28,"column":5}},"line":18},"2":{"name":"(anonymous_2)","decl":{"start":{"line":25,"column":17},"end":{"line":25,"column":18}},"loc":{"start":{"line":25,"column":28},"end":{"line":25,"column":70}},"line":25}},"branchMap":{},"s":{"0":1,"1":1,"2":1,"3":1,"4":1,"5":2,"6":2,"7":2},"f":{"0":1,"1":1,"2":2},"b":{},"_coverageSchema":"43e27e138ebf9cfc5966b082cf9a028302ed4184","hash":"7aa93fb7276a9c31281691421ad957186d11264e"}
,"/Users/Andy/Workspace/Web/flapjs/src/util/localization/LocalizationContext.jsx": {"path":"/Users/Andy/Workspace/Web/flapjs/src/util/localization/LocalizationContext.jsx","statementMap":{"0":{"start":{"line":7,"column":19},"end":{"line":7,"column":33}},"1":{"start":{"line":12,"column":29},"end":{"line":12,"column":62}},"2":{"start":{"line":13,"column":29},"end":{"line":13,"column":33}},"3":{"start":{"line":22,"column":23},"end":{"line":22,"column":32}},"4":{"start":{"line":25,"column":30},"end":{"line":35,"column":1}},"5":{"start":{"line":29,"column":8},"end":{"line":29,"column":77}},"6":{"start":{"line":33,"column":8},"end":{"line":33,"column":86}},"7":{"start":{"line":37,"column":28},"end":{"line":37,"column":70}},"8":{"start":{"line":43,"column":8},"end":{"line":43,"column":21}},"9":{"start":{"line":46,"column":8},"end":{"line":46,"column":39}},"10":{"start":{"line":49,"column":8},"end":{"line":114,"column":10}},"11":{"start":{"line":53,"column":35},"end":{"line":53,"column":56}},"12":{"start":{"line":55,"column":16},"end":{"line":89,"column":17}},"13":{"start":{"line":58,"column":20},"end":{"line":58,"column":73}},"14":{"start":{"line":62,"column":40},"end":{"line":62,"column":70}},"15":{"start":{"line":63,"column":20},"end":{"line":88,"column":21}},"16":{"start":{"line":65,"column":24},"end":{"line":65,"column":84}},"17":{"start":{"line":70,"column":24},"end":{"line":87,"column":25}},"18":{"start":{"line":72,"column":56},"end":{"line":72,"column":86}},"19":{"start":{"line":73,"column":28},"end":{"line":81,"column":29}},"20":{"start":{"line":75,"column":32},"end":{"line":75,"column":100}},"21":{"start":{"line":80,"column":32},"end":{"line":80,"column":85}},"22":{"start":{"line":86,"column":28},"end":{"line":86,"column":40}},"23":{"start":{"line":93,"column":16},"end":{"line":93,"column":65}},"24":{"start":{"line":93,"column":58},"end":{"line":93,"column":65}},"25":{"start":{"line":95,"column":16},"end":{"line":108,"column":19}},"26":{"start":{"line":97,"column":20},"end":{"line":97,"column":57}},"27":{"start":{"line":97,"column":50},"end":{"line":97,"column":57}},"28":{"start":{"line":100,"column":20},"end":{"line":107,"column":21}},"29":{"start":{"line":102,"column":24},"end":{"line":102,"column":88}},"30":{"start":{"line":106,"column":24},"end":{"line":106,"column":54}},"31":{"start":{"line":111,"column":16},"end":{"line":111,"column":53}},"32":{"start":{"line":111,"column":46},"end":{"line":111,"column":53}},"33":{"start":{"line":112,"column":16},"end":{"line":112,"column":46}},"34":{"start":{"line":120,"column":8},"end":{"line":120,"column":55}},"35":{"start":{"line":127,"column":8},"end":{"line":127,"column":40}},"36":{"start":{"line":133,"column":8},"end":{"line":137,"column":10}},"37":{"start":{"line":140,"column":0},"end":{"line":143,"column":2}},"38":{"start":{"line":144,"column":0},"end":{"line":146,"column":2}},"39":{"start":{"line":150,"column":4},"end":{"line":157,"column":5}},"40":{"start":{"line":152,"column":8},"end":{"line":152,"column":49}},"41":{"start":{"line":156,"column":8},"end":{"line":156,"column":26}},"42":{"start":{"line":162,"column":4},"end":{"line":162,"column":43}},"43":{"start":{"line":176,"column":4},"end":{"line":203,"column":5}},"44":{"start":{"line":179,"column":8},"end":{"line":179,"column":61}},"45":{"start":{"line":182,"column":8},"end":{"line":198,"column":15}},"46":{"start":{"line":186,"column":16},"end":{"line":186,"column":60}},"47":{"start":{"line":188,"column":16},"end":{"line":188,"column":34}},"48":{"start":{"line":192,"column":16},"end":{"line":192,"column":108}},"49":{"start":{"line":195,"column":16},"end":{"line":195,"column":50}},"50":{"start":{"line":197,"column":16},"end":{"line":197,"column":28}},"51":{"start":{"line":202,"column":8},"end":{"line":202,"column":43}},"52":{"start":{"line":207,"column":36},"end":{"line":207,"column":64}}},"fnMap":{"0":{"name":"(anonymous_0)","decl":{"start":{"line":27,"column":21},"end":{"line":27,"column":22}},"loc":{"start":{"line":28,"column":4},"end":{"line":30,"column":5}},"line":28},"1":{"name":"(anonymous_1)","decl":{"start":{"line":31,"column":18},"end":{"line":31,"column":19}},"loc":{"start":{"line":32,"column":4},"end":{"line":34,"column":5}},"line":32},"2":{"name":"(anonymous_2)","decl":{"start":{"line":41,"column":4},"end":{"line":41,"column":5}},"loc":{"start":{"line":42,"column":4},"end":{"line":115,"column":5}},"line":42},"3":{"name":"(anonymous_3)","decl":{"start":{"line":51,"column":29},"end":{"line":51,"column":30}},"loc":{"start":{"line":52,"column":12},"end":{"line":90,"column":13}},"line":52},"4":{"name":"(anonymous_4)","decl":{"start":{"line":91,"column":26},"end":{"line":91,"column":27}},"loc":{"start":{"line":92,"column":12},"end":{"line":113,"column":13}},"line":92},"5":{"name":"(anonymous_5)","decl":{"start":{"line":95,"column":44},"end":{"line":95,"column":45}},"loc":{"start":{"line":96,"column":16},"end":{"line":108,"column":17}},"line":96},"6":{"name":"(anonymous_6)","decl":{"start":{"line":118,"column":4},"end":{"line":118,"column":5}},"loc":{"start":{"line":119,"column":4},"end":{"line":121,"column":5}},"line":119},"7":{"name":"(anonymous_7)","decl":{"start":{"line":124,"column":4},"end":{"line":124,"column":5}},"loc":{"start":{"line":125,"column":4},"end":{"line":128,"column":5}},"line":125},"8":{"name":"(anonymous_8)","decl":{"start":{"line":131,"column":4},"end":{"line":131,"column":5}},"loc":{"start":{"line":132,"column":4},"end":{"line":138,"column":5}},"line":132},"9":{"name":"getDefaultEntityTranslation","decl":{"start":{"line":148,"column":9},"end":{"line":148,"column":36}},"loc":{"start":{"line":149,"column":0},"end":{"line":158,"column":1}},"line":149},"10":{"name":"getLanguageAssetURL","decl":{"start":{"line":160,"column":9},"end":{"line":160,"column":28}},"loc":{"start":{"line":161,"column":0},"end":{"line":163,"column":1}},"line":161},"11":{"name":"loadLocale","decl":{"start":{"line":174,"column":9},"end":{"line":174,"column":19}},"loc":{"start":{"line":175,"column":0},"end":{"line":204,"column":1}},"line":175},"12":{"name":"(anonymous_12)","decl":{"start":{"line":183,"column":18},"end":{"line":183,"column":19}},"loc":{"start":{"line":184,"column":12},"end":{"line":189,"column":13}},"line":184},"13":{"name":"(anonymous_13)","decl":{"start":{"line":190,"column":19},"end":{"line":190,"column":20}},"loc":{"start":{"line":191,"column":12},"end":{"line":198,"column":13}},"line":191}},"branchMap":{"0":{"loc":{"start":{"line":55,"column":16},"end":{"line":89,"column":17}},"type":"if","locations":[{"start":{"line":55,"column":16},"end":{"line":89,"column":17}},{"start":{"line":55,"column":16},"end":{"line":89,"column":17}}],"line":55},"1":{"loc":{"start":{"line":63,"column":20},"end":{"line":88,"column":21}},"type":"if","locations":[{"start":{"line":63,"column":20},"end":{"line":88,"column":21}},{"start":{"line":63,"column":20},"end":{"line":88,"column":21}}],"line":63},"2":{"loc":{"start":{"line":70,"column":24},"end":{"line":87,"column":25}},"type":"if","locations":[{"start":{"line":70,"column":24},"end":{"line":87,"column":25}},{"start":{"line":70,"column":24},"end":{"line":87,"column":25}}],"line":70},"3":{"loc":{"start":{"line":73,"column":28},"end":{"line":81,"column":29}},"type":"if","locations":[{"start":{"line":73,"column":28},"end":{"line":81,"column":29}},{"start":{"line":73,"column":28},"end":{"line":81,"column":29}}],"line":73},"4":{"loc":{"start":{"line":93,"column":16},"end":{"line":93,"column":65}},"type":"if","locations":[{"start":{"line":93,"column":16},"end":{"line":93,"column":65}},{"start":{"line":93,"column":16},"end":{"line":93,"column":65}}],"line":93},"5":{"loc":{"start":{"line":97,"column":20},"end":{"line":97,"column":57}},"type":"if","locations":[{"start":{"line":97,"column":20},"end":{"line":97,"column":57}},{"start":{"line":97,"column":20},"end":{"line":97,"column":57}}],"line":97},"6":{"loc":{"start":{"line":100,"column":20},"end":{"line":107,"column":21}},"type":"if","locations":[{"start":{"line":100,"column":20},"end":{"line":107,"column":21}},{"start":{"line":100,"column":20},"end":{"line":107,"column":21}}],"line":100},"7":{"loc":{"start":{"line":111,"column":16},"end":{"line":111,"column":53}},"type":"if","locations":[{"start":{"line":111,"column":16},"end":{"line":111,"column":53}},{"start":{"line":111,"column":16},"end":{"line":111,"column":53}}],"line":111},"8":{"loc":{"start":{"line":150,"column":4},"end":{"line":157,"column":5}},"type":"if","locations":[{"start":{"line":150,"column":4},"end":{"line":157,"column":5}},{"start":{"line":150,"column":4},"end":{"line":157,"column":5}}],"line":150},"9":{"loc":{"start":{"line":176,"column":4},"end":{"line":203,"column":5}},"type":"if","locations":[{"start":{"line":176,"column":4},"end":{"line":203,"column":5}},{"start":{"line":176,"column":4},"end":{"line":203,"column":5}}],"line":176}},"s":{"0":2,"1":2,"2":2,"3":2,"4":2,"5":0,"6":0,"7":2,"8":1,"9":1,"10":1,"11":2,"12":2,"13":1,"14":1,"15":1,"16":0,"17":1,"18":1,"19":1,"20":0,"21":1,"22":0,"23":1,"24":0,"25":1,"26":1,"27":1,"28":0,"29":0,"30":0,"31":1,"32":0,"33":1,"34":1,"35":1,"36":2,"37":2,"38":2,"39":2,"40":0,"41":2,"42":1,"43":1,"44":1,"45":1,"46":1,"47":1,"48":0,"49":0,"50":0,"51":0,"52":2},"f":{"0":0,"1":0,"2":1,"3":2,"4":1,"5":1,"6":1,"7":1,"8":2,"9":2,"10":1,"11":1,"12":1,"13":0},"b":{"0":[1,1],"1":[0,1],"2":[1,0],"3":[0,1],"4":[0,1],"5":[1,0],"6":[0,0],"7":[0,1],"8":[0,2],"9":[1,0]},"_coverageSchema":"43e27e138ebf9cfc5966b082cf9a028302ed4184","hash":"35792f3092803b47ba12d53af87efb1c40efe634"}
,"/Users/Andy/Workspace/Web/flapjs/src/util/storybook/PropKnobs.js": {"path":"/Users/Andy/Workspace/Web/flapjs/src/util/storybook/PropKnobs.js","statementMap":{"0":{"start":{"line":9,"column":4},"end":{"line":22,"column":5}},"1":{"start":{"line":11,"column":27},"end":{"line":11,"column":39}},"2":{"start":{"line":12,"column":27},"end":{"line":12,"column":41}},"3":{"start":{"line":13,"column":25},"end":{"line":13,"column":40}},"4":{"start":{"line":14,"column":27},"end":{"line":14,"column":41}},"5":{"start":{"line":15,"column":26},"end":{"line":15,"column":40}},"6":{"start":{"line":16,"column":28},"end":{"line":16,"column":40}},"7":{"start":{"line":17,"column":25},"end":{"line":17,"column":37}},"8":{"start":{"line":19,"column":25},"end":{"line":19,"column":55}},"9":{"start":{"line":19,"column":49},"end":{"line":19,"column":54}},"10":{"start":{"line":21,"column":13},"end":{"line":21,"column":25}},"11":{"start":{"line":49,"column":4},"end":{"line":55,"column":5}},"12":{"start":{"line":51,"column":8},"end":{"line":51,"column":24}},"13":{"start":{"line":52,"column":8},"end":{"line":52,"column":30}},"14":{"start":{"line":53,"column":8},"end":{"line":53,"column":34}},"15":{"start":{"line":54,"column":8},"end":{"line":54,"column":33}},"16":{"start":{"line":59,"column":4},"end":{"line":66,"column":5}},"17":{"start":{"line":61,"column":8},"end":{"line":61,"column":31}},"18":{"start":{"line":62,"column":8},"end":{"line":62,"column":24}},"19":{"start":{"line":63,"column":8},"end":{"line":63,"column":24}},"20":{"start":{"line":64,"column":8},"end":{"line":64,"column":22}},"21":{"start":{"line":65,"column":8},"end":{"line":65,"column":25}},"22":{"start":{"line":68,"column":19},"end":{"line":68,"column":21}},"23":{"start":{"line":70,"column":4},"end":{"line":102,"column":5}},"24":{"start":{"line":72,"column":26},"end":{"line":72,"column":64}},"25":{"start":{"line":73,"column":29},"end":{"line":73,"column":54}},"26":{"start":{"line":75,"column":20},"end":{"line":75,"column":36}},"27":{"start":{"line":76,"column":8},"end":{"line":76,"column":47}},"28":{"start":{"line":76,"column":33},"end":{"line":76,"column":47}},"29":{"start":{"line":77,"column":8},"end":{"line":78,"column":108}},"30":{"start":{"line":77,"column":28},"end":{"line":77,"column":43}},"31":{"start":{"line":78,"column":13},"end":{"line":78,"column":108}},"32":{"start":{"line":78,"column":61},"end":{"line":78,"column":108}},"33":{"start":{"line":80,"column":8},"end":{"line":101,"column":9}},"34":{"start":{"line":80,"column":20},"end":{"line":80,"column":30}},"35":{"start":{"line":82,"column":39},"end":{"line":82,"column":51}},"36":{"start":{"line":85,"column":12},"end":{"line":85,"column":69}},"37":{"start":{"line":85,"column":60},"end":{"line":85,"column":69}},"38":{"start":{"line":87,"column":31},"end":{"line":87,"column":40}},"39":{"start":{"line":89,"column":12},"end":{"line":96,"column":13}},"40":{"start":{"line":91,"column":16},"end":{"line":91,"column":54}},"41":{"start":{"line":93,"column":17},"end":{"line":96,"column":13}},"42":{"start":{"line":95,"column":16},"end":{"line":95,"column":25}},"43":{"start":{"line":98,"column":23},"end":{"line":98,"column":51}},"44":{"start":{"line":100,"column":12},"end":{"line":100,"column":74}},"45":{"start":{"line":103,"column":4},"end":{"line":103,"column":18}}},"fnMap":{"0":{"name":"getKnobForPropType","decl":{"start":{"line":7,"column":9},"end":{"line":7,"column":27}},"loc":{"start":{"line":8,"column":0},"end":{"line":23,"column":1}},"line":8},"1":{"name":"(anonymous_1)","decl":{"start":{"line":19,"column":32},"end":{"line":19,"column":33}},"loc":{"start":{"line":19,"column":49},"end":{"line":19,"column":54}},"line":19},"2":{"name":"propKnobs","decl":{"start":{"line":46,"column":16},"end":{"line":46,"column":25}},"loc":{"start":{"line":47,"column":0},"end":{"line":104,"column":1}},"line":47}},"branchMap":{"0":{"loc":{"start":{"line":9,"column":4},"end":{"line":22,"column":5}},"type":"switch","locations":[{"start":{"line":11,"column":4},"end":{"line":11,"column":39}},{"start":{"line":12,"column":4},"end":{"line":12,"column":41}},{"start":{"line":13,"column":4},"end":{"line":13,"column":40}},{"start":{"line":14,"column":4},"end":{"line":14,"column":41}},{"start":{"line":15,"column":4},"end":{"line":15,"column":40}},{"start":{"line":16,"column":4},"end":{"line":16,"column":40}},{"start":{"line":17,"column":4},"end":{"line":17,"column":37}},{"start":{"line":19,"column":4},"end":{"line":19,"column":55}},{"start":{"line":21,"column":4},"end":{"line":21,"column":25}}],"line":9},"1":{"loc":{"start":{"line":46,"column":54},"end":{"line":46,"column":69}},"type":"default-arg","locations":[{"start":{"line":46,"column":67},"end":{"line":46,"column":69}}],"line":46},"2":{"loc":{"start":{"line":46,"column":71},"end":{"line":46,"column":84}},"type":"default-arg","locations":[{"start":{"line":46,"column":82},"end":{"line":46,"column":84}}],"line":46},"3":{"loc":{"start":{"line":49,"column":4},"end":{"line":55,"column":5}},"type":"if","locations":[{"start":{"line":49,"column":4},"end":{"line":55,"column":5}},{"start":{"line":49,"column":4},"end":{"line":55,"column":5}}],"line":49},"4":{"loc":{"start":{"line":59,"column":4},"end":{"line":66,"column":5}},"type":"if","locations":[{"start":{"line":59,"column":4},"end":{"line":66,"column":5}},{"start":{"line":59,"column":4},"end":{"line":66,"column":5}}],"line":59},"5":{"loc":{"start":{"line":70,"column":4},"end":{"line":102,"column":5}},"type":"if","locations":[{"start":{"line":70,"column":4},"end":{"line":102,"column":5}},{"start":{"line":70,"column":4},"end":{"line":102,"column":5}}],"line":70},"6":{"loc":{"start":{"line":70,"column":8},"end":{"line":70,"column":46}},"type":"binary-expr","locations":[{"start":{"line":70,"column":8},"end":{"line":70,"column":20}},{"start":{"line":70,"column":24},"end":{"line":70,"column":46}}],"line":70},"7":{"loc":{"start":{"line":76,"column":8},"end":{"line":76,"column":47}},"type":"if","locations":[{"start":{"line":76,"column":8},"end":{"line":76,"column":47}},{"start":{"line":76,"column":8},"end":{"line":76,"column":47}}],"line":76},"8":{"loc":{"start":{"line":77,"column":8},"end":{"line":78,"column":108}},"type":"if","locations":[{"start":{"line":77,"column":8},"end":{"line":78,"column":108}},{"start":{"line":77,"column":8},"end":{"line":78,"column":108}}],"line":77},"9":{"loc":{"start":{"line":78,"column":13},"end":{"line":78,"column":108}},"type":"if","locations":[{"start":{"line":78,"column":13},"end":{"line":78,"column":108}},{"start":{"line":78,"column":13},"end":{"line":78,"column":108}}],"line":78},"10":{"loc":{"start":{"line":78,"column":17},"end":{"line":78,"column":59}},"type":"binary-expr","locations":[{"start":{"line":78,"column":17},"end":{"line":78,"column":33}},{"start":{"line":78,"column":37},"end":{"line":78,"column":59}}],"line":78},"11":{"loc":{"start":{"line":85,"column":12},"end":{"line":85,"column":69}},"type":"if","locations":[{"start":{"line":85,"column":12},"end":{"line":85,"column":69}},{"start":{"line":85,"column":12},"end":{"line":85,"column":69}}],"line":85},"12":{"loc":{"start":{"line":85,"column":16},"end":{"line":85,"column":58}},"type":"binary-expr","locations":[{"start":{"line":85,"column":16},"end":{"line":85,"column":25}},{"start":{"line":85,"column":29},"end":{"line":85,"column":58}}],"line":85},"13":{"loc":{"start":{"line":89,"column":12},"end":{"line":96,"column":13}},"type":"if","locations":[{"start":{"line":89,"column":12},"end":{"line":96,"column":13}},{"start":{"line":89,"column":12},"end":{"line":96,"column":13}}],"line":89},"14":{"loc":{"start":{"line":93,"column":17},"end":{"line":96,"column":13}},"type":"if","locations":[{"start":{"line":93,"column":17},"end":{"line":96,"column":13}},{"start":{"line":93,"column":17},"end":{"line":96,"column":13}}],"line":93},"15":{"loc":{"start":{"line":93,"column":21},"end":{"line":93,"column":45}},"type":"binary-expr","locations":[{"start":{"line":93,"column":21},"end":{"line":93,"column":25}},{"start":{"line":93,"column":29},"end":{"line":93,"column":45}}],"line":93}},"s":{"0":13,"1":5,"2":0,"3":1,"4":1,"5":0,"6":0,"7":0,"8":6,"9":6,"10":0,"11":6,"12":0,"13":0,"14":0,"15":0,"16":6,"17":0,"18":0,"19":0,"20":0,"21":0,"22":6,"23":6,"24":6,"25":6,"26":6,"27":6,"28":1,"29":5,"30":0,"31":5,"32":2,"33":5,"34":5,"35":13,"36":13,"37":0,"38":13,"39":13,"40":13,"41":0,"42":0,"43":13,"44":13,"45":5},"f":{"0":13,"1":6,"2":6},"b":{"0":[5,0,1,1,0,0,0,6,0],"1":[0],"2":[3],"3":[0,6],"4":[0,6],"5":[6,0],"6":[6,6],"7":[1,5],"8":[0,5],"9":[2,3],"10":[5,4],"11":[0,13],"12":[13,0],"13":[13,0],"14":[0,0],"15":[0,0]},"_coverageSchema":"43e27e138ebf9cfc5966b082cf9a028302ed4184","hash":"11816dce014437ff39128de1abcfd31ef02da7c1"}
}
