TN:
SF:/Users/Andy/Workspace/Web/flapjs/src/components/app/App.jsx
FN:15,(anonymous_0)
FN:21,(anonymous_1)
FN:34,(anonymous_2)
FN:36,(anonymous_3)
FN:39,(anonymous_4)
FN:42,(anonymous_5)
FN:46,(anonymous_6)
FNF:7
FNH:3
FNDA:2,(anonymous_0)
FNDA:2,(anonymous_1)
FNDA:2,(anonymous_2)
FNDA:0,(anonymous_3)
FNDA:0,(anonymous_4)
FNDA:0,(anonymous_5)
FNDA:0,(anonymous_6)
DA:17,2
DA:23,2
DA:25,2
DA:35,2
DA:36,0
DA:39,0
DA:42,0
DA:46,0
DA:59,2
DA:62,2
LF:10
LH:6
BRDA:26,0,0,2
BRDA:26,0,1,2
BRF:2
BRH:2
end_of_record
TN:
SF:/Users/Andy/Workspace/Web/flapjs/src/components/example/helloWorld/HelloWorld.jsx
FN:14,(anonymous_0)
FN:29,(anonymous_1)
FN:32,(anonymous_2)
FN:38,(anonymous_3)
FNF:4
FNH:4
FNDA:10,(anonymous_0)
FNDA:5,(anonymous_1)
FNDA:5,(anonymous_2)
FNDA:17,(anonymous_3)
DA:16,10
DA:18,10
DA:22,10
DA:32,5
DA:34,5
DA:40,17
DA:55,2
DA:64,2
LF:8
LH:8
BRDA:34,0,0,0
BRDA:34,0,1,5
BRDA:44,1,0,17
BRDA:44,1,1,17
BRDA:46,2,0,7
BRDA:46,2,1,10
BRDA:46,3,0,17
BRDA:46,3,1,14
BRF:8
BRH:7
end_of_record
TN:
SF:/Users/Andy/Workspace/Web/flapjs/src/components/icons/Icons.js
FNF:0
FNH:0
LF:0
LH:0
BRF:0
BRH:0
end_of_record
TN:
SF:/Users/Andy/Workspace/Web/flapjs/src/components/workspace/Workspace.jsx
FN:10,(anonymous_0)
FN:29,(anonymous_1)
FN:39,(anonymous_2)
FN:45,(anonymous_3)
FN:51,(anonymous_4)
FN:59,(anonymous_5)
FN:67,(anonymous_6)
FN:69,(anonymous_7)
FN:76,(anonymous_8)
FNF:9
FNH:2
FNDA:3,(anonymous_0)
FNDA:0,(anonymous_1)
FNDA:0,(anonymous_2)
FNDA:0,(anonymous_3)
FNDA:0,(anonymous_4)
FNDA:0,(anonymous_5)
FNDA:0,(anonymous_6)
FNDA:0,(anonymous_7)
FNDA:3,(anonymous_8)
DA:12,3
DA:14,3
DA:20,3
DA:21,3
DA:23,3
DA:24,3
DA:25,3
DA:26,3
DA:31,0
DA:32,0
DA:33,0
DA:35,0
DA:36,0
DA:41,0
DA:42,0
DA:47,0
DA:48,0
DA:53,0
DA:55,0
DA:61,0
DA:63,0
DA:69,0
DA:71,0
DA:78,3
DA:79,3
DA:81,3
DA:82,3
DA:83,3
DA:84,3
DA:85,3
DA:87,3
DA:121,3
DA:129,3
LF:33
LH:18
BRDA:51,0,0,0
BRDA:53,1,0,0
BRDA:53,1,1,0
BRDA:61,2,0,0
BRDA:61,2,1,0
BRDA:67,3,0,0
BRDA:89,4,0,3
BRDA:89,4,1,3
BRDA:93,5,0,3
BRDA:93,5,1,1
BRDA:96,6,0,3
BRDA:96,6,1,0
BRDA:98,7,0,3
BRDA:98,7,1,0
BRDA:104,8,0,3
BRDA:104,8,1,0
BRDA:109,9,0,3
BRDA:109,9,1,1
BRDA:111,10,0,3
BRDA:111,10,1,0
BRDA:114,11,0,3
BRDA:114,11,1,0
BRF:22
BRH:11
end_of_record
TN:
SF:/Users/Andy/Workspace/Web/flapjs/src/util/Logger.js
FN:11,getLogTagStyle
FN:22,print
FN:38,(anonymous_2)
FN:50,(anonymous_3)
FNF:4
FNH:0
FNDA:0,getLogTagStyle
FNDA:0,print
FNDA:0,(anonymous_2)
FNDA:0,(anonymous_3)
DA:3,2
DA:4,2
DA:13,0
DA:24,0
DA:25,0
DA:40,0
DA:41,0
DA:52,0
DA:53,0
LF:9
LH:2
BRDA:50,0,0,0
BRDA:52,1,0,0
BRDA:52,1,1,0
BRF:3
BRH:0
end_of_record
TN:
SF:/Users/Andy/Workspace/Web/flapjs/src/util/localization/LanguageMap.js
FN:8,(anonymous_0)
FN:11,(anonymous_1)
FN:18,(anonymous_2)
FN:30,(anonymous_3)
FN:70,(anonymous_4)
FN:81,(anonymous_5)
FN:92,(anonymous_6)
FN:117,parameterizeString
FN:119,(anonymous_8)
FNF:9
FNH:6
FNDA:1,(anonymous_0)
FNDA:1,(anonymous_1)
FNDA:1,(anonymous_2)
FNDA:1,(anonymous_3)
FNDA:3,(anonymous_4)
FNDA:2,(anonymous_5)
FNDA:0,(anonymous_6)
FNDA:0,parameterizeString
FNDA:0,(anonymous_8)
DA:10,1
DA:13,1
DA:15,0
DA:18,1
DA:20,1
DA:32,1
DA:33,1
DA:34,1
DA:35,1
DA:37,1
DA:38,1
DA:40,1
DA:42,1
DA:44,0
DA:45,0
DA:47,0
DA:50,0
DA:51,0
DA:53,0
DA:55,0
DA:57,0
DA:60,0
DA:61,0
DA:63,1
DA:72,3
DA:73,3
DA:83,2
DA:94,0
DA:96,0
DA:97,0
DA:99,0
DA:101,0
DA:105,0
DA:119,0
DA:121,0
DA:122,0
DA:124,0
DA:128,0
LF:38
LH:16
BRDA:13,0,0,0
BRDA:13,0,1,1
BRDA:40,1,0,0
BRDA:40,1,1,1
BRDA:42,2,0,1
BRDA:42,2,1,0
BRDA:45,3,0,0
BRDA:45,3,1,0
BRDA:51,4,0,0
BRDA:51,4,1,0
BRDA:55,5,0,0
BRDA:55,5,1,0
BRDA:70,6,0,0
BRDA:70,7,0,1
BRDA:94,8,0,0
BRDA:94,8,1,0
BRDA:99,9,0,0
BRDA:99,9,1,0
BRDA:122,10,0,0
BRDA:122,10,1,0
BRF:20
BRH:4
end_of_record
TN:
SF:/Users/Andy/Workspace/Web/flapjs/src/util/localization/LocaleString.jsx
FN:11,(anonymous_0)
FN:17,(anonymous_1)
FN:25,(anonymous_2)
FNF:3
FNH:3
FNDA:1,(anonymous_0)
FNDA:1,(anonymous_1)
FNDA:2,(anonymous_2)
DA:13,1
DA:19,1
DA:20,1
DA:21,1
DA:23,1
DA:25,2
DA:31,2
DA:35,2
LF:8
LH:8
BRF:0
BRH:0
end_of_record
TN:
SF:/Users/Andy/Workspace/Web/flapjs/src/util/localization/LocalizationContext.jsx
FN:27,(anonymous_0)
FN:31,(anonymous_1)
FN:41,(anonymous_2)
FN:51,(anonymous_3)
FN:91,(anonymous_4)
FN:95,(anonymous_5)
FN:118,(anonymous_6)
FN:124,(anonymous_7)
FN:131,(anonymous_8)
FN:148,getDefaultEntityTranslation
FN:160,getLanguageAssetURL
FN:174,loadLocale
FN:183,(anonymous_12)
FN:190,(anonymous_13)
FNF:14
FNH:11
FNDA:0,(anonymous_0)
FNDA:0,(anonymous_1)
FNDA:1,(anonymous_2)
FNDA:2,(anonymous_3)
FNDA:1,(anonymous_4)
FNDA:1,(anonymous_5)
FNDA:1,(anonymous_6)
FNDA:1,(anonymous_7)
FNDA:2,(anonymous_8)
FNDA:2,getDefaultEntityTranslation
FNDA:1,getLanguageAssetURL
FNDA:1,loadLocale
FNDA:1,(anonymous_12)
FNDA:0,(anonymous_13)
DA:7,2
DA:12,2
DA:13,2
DA:22,2
DA:25,2
DA:29,0
DA:33,0
DA:37,2
DA:43,1
DA:46,1
DA:49,1
DA:53,2
DA:55,2
DA:58,1
DA:62,1
DA:63,1
DA:65,0
DA:70,1
DA:72,1
DA:73,1
DA:75,0
DA:80,1
DA:86,0
DA:93,1
DA:95,1
DA:97,1
DA:100,0
DA:102,0
DA:106,0
DA:111,1
DA:112,1
DA:120,1
DA:127,1
DA:133,2
DA:140,2
DA:144,2
DA:150,2
DA:152,0
DA:156,2
DA:162,1
DA:176,1
DA:179,1
DA:182,1
DA:186,1
DA:188,1
DA:192,0
DA:195,0
DA:197,0
DA:202,0
DA:207,2
LF:50
LH:37
BRDA:55,0,0,1
BRDA:55,0,1,1
BRDA:63,1,0,0
BRDA:63,1,1,1
BRDA:70,2,0,1
BRDA:70,2,1,0
BRDA:73,3,0,0
BRDA:73,3,1,1
BRDA:93,4,0,0
BRDA:93,4,1,1
BRDA:97,5,0,1
BRDA:97,5,1,0
BRDA:100,6,0,0
BRDA:100,6,1,0
BRDA:111,7,0,0
BRDA:111,7,1,1
BRDA:150,8,0,0
BRDA:150,8,1,2
BRDA:176,9,0,1
BRDA:176,9,1,0
BRF:20
BRH:10
end_of_record
TN:
SF:/Users/Andy/Workspace/Web/flapjs/src/util/storybook/PropKnobs.js
FN:7,getKnobForPropType
FN:19,(anonymous_1)
FN:46,propKnobs
FNF:3
FNH:3
FNDA:13,getKnobForPropType
FNDA:6,(anonymous_1)
FNDA:6,propKnobs
DA:9,13
DA:11,5
DA:12,0
DA:13,1
DA:14,1
DA:15,0
DA:16,0
DA:17,0
DA:19,6
DA:21,0
DA:49,6
DA:51,0
DA:52,0
DA:53,0
DA:54,0
DA:59,6
DA:61,0
DA:62,0
DA:63,0
DA:64,0
DA:65,0
DA:68,6
DA:70,6
DA:72,6
DA:73,6
DA:75,6
DA:76,6
DA:77,5
DA:78,5
DA:80,5
DA:82,13
DA:85,13
DA:87,13
DA:89,13
DA:91,13
DA:93,0
DA:95,0
DA:98,13
DA:100,13
DA:103,5
LF:40
LH:24
BRDA:9,0,0,5
BRDA:9,0,1,0
BRDA:9,0,2,1
BRDA:9,0,3,1
BRDA:9,0,4,0
BRDA:9,0,5,0
BRDA:9,0,6,0
BRDA:9,0,7,6
BRDA:9,0,8,0
BRDA:46,1,0,0
BRDA:46,2,0,3
BRDA:49,3,0,0
BRDA:49,3,1,6
BRDA:59,4,0,0
BRDA:59,4,1,6
BRDA:70,5,0,6
BRDA:70,5,1,0
BRDA:70,6,0,6
BRDA:70,6,1,6
BRDA:76,7,0,1
BRDA:76,7,1,5
BRDA:77,8,0,0
BRDA:77,8,1,5
BRDA:78,9,0,2
BRDA:78,9,1,3
BRDA:78,10,0,5
BRDA:78,10,1,4
BRDA:85,11,0,0
BRDA:85,11,1,13
BRDA:85,12,0,13
BRDA:85,12,1,0
BRDA:89,13,0,13
BRDA:89,13,1,0
BRDA:93,14,0,0
BRDA:93,14,1,0
BRDA:93,15,0,0
BRDA:93,15,1,0
BRF:37
BRH:20
end_of_record
