TN:
SF:/Users/Andy/Workspace/Web/flapjs/src/components/app/App.jsx
FN:22,(anonymous_0)
FN:34,(anonymous_1)
FN:45,(anonymous_2)
FN:45,(anonymous_3)
FN:51,(anonymous_4)
FN:58,(anonymous_5)
FN:61,(anonymous_6)
FN:64,(anonymous_7)
FN:66,(anonymous_8)
FN:69,(anonymous_9)
FN:72,(anonymous_10)
FN:76,(anonymous_11)
FN:85,(anonymous_12)
FN:87,(anonymous_13)
FNF:14
FNH:8
FNDA:2,(anonymous_0)
FNDA:2,(anonymous_1)
FNDA:0,(anonymous_2)
FNDA:0,(anonymous_3)
FNDA:1,(anonymous_4)
FNDA:1,(anonymous_5)
FNDA:1,(anonymous_6)
FNDA:1,(anonymous_7)
FNDA:0,(anonymous_8)
FNDA:0,(anonymous_9)
FNDA:0,(anonymous_10)
FNDA:0,(anonymous_11)
FNDA:1,(anonymous_12)
FNDA:5,(anonymous_13)
DA:24,2
DA:26,2
DA:30,2
DA:36,2
DA:37,2
DA:39,2
DA:45,0
DA:53,1
DA:54,1
DA:56,1
DA:59,1
DA:62,1
DA:65,1
DA:66,0
DA:69,0
DA:72,0
DA:76,0
DA:86,1
DA:87,5
DA:135,2
DA:138,2
LF:21
LH:16
BRDA:40,0,0,2
BRDA:40,0,1,2
BRDA:53,1,0,1
BRDA:53,1,1,0
BRDA:54,2,0,1
BRDA:54,2,1,0
BRF:6
BRH:4
end_of_record
TN:
SF:/Users/Andy/Workspace/Web/flapjs/src/components/app/FlexibleOrientationLayout.jsx
FN:11,(anonymous_0)
FN:27,(anonymous_1)
FN:33,(anonymous_2)
FN:38,(anonymous_3)
FN:43,(anonymous_4)
FN:68,(anonymous_5)
FNF:6
FNH:4
FNDA:1,(anonymous_0)
FNDA:1,(anonymous_1)
FNDA:1,(anonymous_2)
FNDA:0,(anonymous_3)
FNDA:0,(anonymous_4)
FNDA:1,(anonymous_5)
DA:13,1
DA:15,1
DA:21,1
DA:23,1
DA:29,1
DA:35,1
DA:40,0
DA:42,0
DA:43,0
DA:45,0
DA:46,0
DA:51,0
DA:53,0
DA:55,0
DA:60,0
DA:62,0
DA:70,1
DA:71,1
DA:73,1
DA:83,2
DA:89,2
LF:21
LH:11
BRDA:40,0,0,0
BRDA:40,0,1,0
BRDA:51,1,0,0
BRDA:51,1,1,0
BRDA:53,2,0,0
BRDA:53,2,1,0
BRDA:60,3,0,0
BRDA:60,3,1,0
BRDA:75,4,0,1
BRDA:75,4,1,1
BRDA:76,5,0,0
BRDA:76,5,1,1
BRF:12
BRH:3
end_of_record
TN:
SF:/Users/Andy/Workspace/Web/flapjs/src/components/drawer/DrawerLayout.jsx
FN:15,(anonymous_0)
FN:31,(anonymous_1)
FN:36,(anonymous_2)
FN:42,(anonymous_3)
FN:94,(anonymous_4)
FN:101,(anonymous_5)
FN:107,(anonymous_6)
FN:113,(anonymous_7)
FN:166,applySnapPointsWithinRange
FN:178,applySnapPointsNearest
FNF:10
FNH:4
FNDA:3,(anonymous_0)
FNDA:0,(anonymous_1)
FNDA:0,(anonymous_2)
FNDA:0,(anonymous_3)
FNDA:0,(anonymous_4)
FNDA:3,(anonymous_5)
FNDA:2,(anonymous_6)
FNDA:3,(anonymous_7)
FNDA:0,applySnapPointsWithinRange
FNDA:0,applySnapPointsNearest
DA:6,3
DA:17,3
DA:19,3
DA:24,3
DA:26,3
DA:27,3
DA:28,3
DA:38,0
DA:39,0
DA:44,0
DA:45,0
DA:46,0
DA:47,0
DA:48,0
DA:51,0
DA:54,0
DA:55,0
DA:57,0
DA:58,0
DA:60,0
DA:61,0
DA:63,0
DA:64,0
DA:66,0
DA:70,0
DA:73,0
DA:76,0
DA:77,0
DA:79,0
DA:80,0
DA:81,0
DA:84,0
DA:88,0
DA:90,0
DA:96,0
DA:97,0
DA:115,3
DA:116,3
DA:118,3
DA:119,3
DA:120,3
DA:122,3
DA:124,3
DA:130,3
DA:136,3
DA:140,3
DA:168,0
DA:170,0
DA:172,0
DA:175,0
DA:180,0
DA:181,0
DA:183,0
DA:185,0
DA:186,0
DA:188,0
DA:189,0
DA:192,0
DA:195,3
DA:212,3
LF:60
LH:19
BRDA:51,0,0,0
BRDA:51,0,1,0
BRDA:51,0,2,0
BRDA:51,0,3,0
BRDA:51,0,4,0
BRDA:73,1,0,0
BRDA:73,1,1,0
BRDA:73,1,2,0
BRDA:79,2,0,0
BRDA:79,2,1,0
BRDA:80,3,0,0
BRDA:80,3,1,0
BRDA:88,4,0,0
BRDA:88,4,1,0
BRDA:122,5,0,3
BRDA:122,5,1,1
BRDA:125,6,0,3
BRDA:125,6,1,0
BRDA:126,7,0,0
BRDA:126,7,1,3
BRDA:130,8,0,2
BRDA:130,8,1,1
BRDA:131,9,0,1
BRDA:131,9,1,0
BRDA:132,10,0,0
BRDA:132,10,1,0
BRDA:146,11,0,3
BRDA:146,11,1,3
BRDA:148,12,0,3
BRDA:148,12,1,0
BRDA:155,13,0,3
BRDA:155,13,1,2
BRDA:166,14,0,0
BRDA:166,15,0,0
BRDA:170,16,0,0
BRDA:170,16,1,0
BRDA:186,17,0,0
BRDA:186,17,1,0
BRF:38
BRH:12
end_of_record
TN:
SF:/Users/Andy/Workspace/Web/flapjs/src/components/example/helloWorld/HelloWorld.jsx
FN:14,(anonymous_0)
FN:29,(anonymous_1)
FN:32,(anonymous_2)
FN:38,(anonymous_3)
FNF:4
FNH:4
FNDA:10,(anonymous_0)
FNDA:5,(anonymous_1)
FNDA:5,(anonymous_2)
FNDA:17,(anonymous_3)
DA:16,10
DA:18,10
DA:22,10
DA:32,5
DA:34,5
DA:40,17
DA:55,2
DA:64,2
LF:8
LH:8
BRDA:34,0,0,0
BRDA:34,0,1,5
BRDA:44,1,0,17
BRDA:44,1,1,17
BRDA:46,2,0,7
BRDA:46,2,1,10
BRDA:46,3,0,17
BRDA:46,3,1,14
BRF:8
BRH:7
end_of_record
TN:
SF:/Users/Andy/Workspace/Web/flapjs/src/components/icons/Icons.js
FNF:0
FNH:0
LF:0
LH:0
BRF:0
BRH:0
end_of_record
TN:
SF:/Users/Andy/Workspace/Web/flapjs/src/components/panel/colorPane/ColorEntry.jsx
FN:5,ColorEntry
FNF:1
FNH:1
FNDA:3,ColorEntry
DA:7,3
DA:14,2
LF:2
LH:2
BRF:0
BRH:0
end_of_record
TN:
SF:/Users/Andy/Workspace/Web/flapjs/src/components/panel/colorPane/ColorPane.jsx
FN:16,(anonymous_0)
FN:26,(anonymous_1)
FNF:2
FNH:2
FNDA:1,(anonymous_0)
FNDA:1,(anonymous_1)
DA:18,1
DA:20,1
DA:21,1
DA:22,1
DA:28,1
DA:30,1
DA:32,1
DA:60,2
DA:69,2
LF:9
LH:9
BRDA:33,0,0,1
BRDA:33,0,1,1
BRF:2
BRH:2
end_of_record
TN:
SF:/Users/Andy/Workspace/Web/flapjs/src/components/panel/colorPane/ColorSubEntry.jsx
FN:5,ColorSubEntry
FNF:1
FNH:1
FNDA:2,ColorSubEntry
DA:7,2
DA:14,2
LF:2
LH:2
BRF:0
BRH:0
end_of_record
TN:
SF:/Users/Andy/Workspace/Web/flapjs/src/components/panel/pane/Pane.jsx
FN:12,(anonymous_0)
FN:23,(anonymous_1)
FN:25,(anonymous_2)
FN:34,(anonymous_3)
FNF:4
FNH:2
FNDA:6,(anonymous_0)
FNDA:0,(anonymous_1)
FNDA:0,(anonymous_2)
FNDA:6,(anonymous_3)
DA:14,6
DA:16,6
DA:20,6
DA:25,0
DA:27,0
DA:36,6
DA:37,6
DA:39,6
DA:41,6
DA:61,3
DA:69,3
LF:11
LH:9
BRDA:43,0,0,6
BRDA:43,0,1,6
BRDA:44,1,0,6
BRDA:44,1,1,0
BRF:4
BRH:3
end_of_record
TN:
SF:/Users/Andy/Workspace/Web/flapjs/src/components/sidebar/SideBarLayout.jsx
FN:10,(anonymous_0)
FN:16,(anonymous_1)
FNF:2
FNH:2
FNDA:3,(anonymous_0)
FNDA:3,(anonymous_1)
DA:12,3
DA:18,3
DA:20,3
DA:22,3
DA:25,3
DA:31,3
DA:44,3
DA:55,3
LF:8
LH:8
BRDA:22,0,0,3
BRDA:22,0,1,1
BRDA:25,1,0,2
BRDA:25,1,1,1
BRDA:26,2,0,1
BRDA:26,2,1,0
BRDA:27,3,0,0
BRDA:27,3,1,0
BRDA:32,4,0,3
BRDA:32,4,1,3
BRDA:34,5,0,3
BRDA:34,5,1,2
BRF:12
BRH:9
end_of_record
TN:
SF:/Users/Andy/Workspace/Web/flapjs/src/components/theme/computedStyle/ComputedStyleInput.jsx
FN:14,(anonymous_0)
FN:24,(anonymous_1)
FN:34,(anonymous_2)
FN:43,(anonymous_3)
FN:73,(anonymous_4)
FNF:5
FNH:4
FNDA:4,(anonymous_0)
FNDA:4,(anonymous_1)
FNDA:3,(anonymous_2)
FNDA:0,(anonymous_3)
FNDA:4,(anonymous_4)
DA:16,4
DA:18,4
DA:20,4
DA:26,4
DA:27,4
DA:29,3
DA:36,3
DA:37,3
DA:39,0
DA:45,0
DA:46,0
DA:48,0
DA:52,0
DA:55,0
DA:56,0
DA:58,0
DA:59,0
DA:61,0
DA:62,0
DA:64,0
DA:65,0
DA:67,0
DA:75,4
DA:77,4
DA:90,3
DA:122,3
LF:26
LH:12
BRDA:27,0,0,3
BRDA:27,0,1,1
BRDA:37,1,0,0
BRDA:37,1,1,3
BRDA:46,2,0,0
BRDA:46,2,1,0
BRDA:52,3,0,0
BRDA:52,3,1,0
BRDA:52,3,2,0
BRDA:52,3,3,0
BRDA:52,3,4,0
BRF:11
BRH:3
end_of_record
TN:
SF:/Users/Andy/Workspace/Web/flapjs/src/components/theme/sourceStyle/StyleInput.jsx
FN:11,(anonymous_0)
FN:24,(anonymous_1)
FN:37,(anonymous_2)
FN:54,(anonymous_3)
FN:61,(anonymous_4)
FN:82,(anonymous_5)
FN:87,(anonymous_6)
FN:93,(anonymous_7)
FN:102,(anonymous_8)
FNF:9
FNH:4
FNDA:9,(anonymous_0)
FNDA:3,(anonymous_1)
FNDA:0,(anonymous_2)
FNDA:0,(anonymous_3)
FNDA:0,(anonymous_4)
FNDA:0,(anonymous_5)
FNDA:0,(anonymous_6)
FNDA:9,(anonymous_7)
FNDA:18,(anonymous_8)
DA:13,9
DA:15,9
DA:19,9
DA:21,9
DA:27,3
DA:29,3
DA:33,0
DA:39,0
DA:41,0
DA:42,0
DA:44,0
DA:50,0
DA:56,0
DA:57,0
DA:59,0
DA:61,0
DA:63,0
DA:65,0
DA:68,0
DA:69,0
DA:71,0
DA:72,0
DA:74,0
DA:77,0
DA:84,0
DA:89,0
DA:95,9
DA:96,9
DA:97,9
DA:98,9
DA:104,18
DA:105,18
DA:107,18
DA:108,18
DA:109,18
DA:111,18
DA:122,4
DA:139,4
LF:38
LH:18
BRDA:27,0,0,3
BRDA:27,0,1,0
BRDA:39,1,0,0
BRDA:39,1,1,0
BRDA:42,2,0,0
BRDA:42,2,1,0
BRDA:54,3,0,0
BRDA:54,4,0,0
BRDA:59,5,0,0
BRDA:59,5,1,0
BRDA:63,6,0,0
BRDA:63,6,1,0
BRDA:68,7,0,0
BRDA:68,7,1,0
BRDA:69,8,0,0
BRDA:69,8,1,0
BRDA:77,9,0,0
BRDA:77,9,1,0
BRF:18
BRH:1
end_of_record
TN:
SF:/Users/Andy/Workspace/Web/flapjs/src/components/workspace/WorkspaceLayout.jsx
FN:12,(anonymous_0)
FN:18,(anonymous_1)
FNF:2
FNH:2
FNDA:3,(anonymous_0)
FNDA:3,(anonymous_1)
DA:14,3
DA:20,3
DA:22,3
DA:23,3
DA:25,3
DA:40,3
DA:46,3
LF:7
LH:7
BRDA:27,0,0,3
BRDA:27,0,1,3
BRDA:29,1,0,3
BRDA:29,1,1,2
BRDA:33,2,0,3
BRDA:33,2,1,2
BRF:6
BRH:6
end_of_record
TN:
SF:/Users/Andy/Workspace/Web/flapjs/src/util/ElementHelper.js
FN:1,getElementFromRef
FNF:1
FNH:1
FNDA:16,getElementFromRef
DA:3,16
DA:5,5
DA:9,11
LF:3
LH:3
BRDA:3,0,0,5
BRDA:3,0,1,11
BRF:2
BRH:2
end_of_record
TN:
SF:/Users/Andy/Workspace/Web/flapjs/src/util/Logger.js
FN:11,getLogTagStyle
FN:22,print
FN:38,(anonymous_2)
FN:50,(anonymous_3)
FNF:4
FNH:0
FNDA:0,getLogTagStyle
FNDA:0,print
FNDA:0,(anonymous_2)
FNDA:0,(anonymous_3)
DA:3,2
DA:4,2
DA:13,0
DA:24,0
DA:25,0
DA:40,0
DA:41,0
DA:52,0
DA:53,0
LF:9
LH:2
BRDA:50,0,0,0
BRDA:52,1,0,0
BRDA:52,1,1,0
BRF:3
BRH:0
end_of_record
TN:
SF:/Users/Andy/Workspace/Web/flapjs/src/util/localization/LanguageMap.js
FN:8,(anonymous_0)
FN:11,(anonymous_1)
FN:18,(anonymous_2)
FN:30,(anonymous_3)
FN:70,(anonymous_4)
FN:81,(anonymous_5)
FN:92,(anonymous_6)
FN:117,parameterizeString
FN:119,(anonymous_8)
FNF:9
FNH:6
FNDA:1,(anonymous_0)
FNDA:1,(anonymous_1)
FNDA:1,(anonymous_2)
FNDA:1,(anonymous_3)
FNDA:3,(anonymous_4)
FNDA:2,(anonymous_5)
FNDA:0,(anonymous_6)
FNDA:0,parameterizeString
FNDA:0,(anonymous_8)
DA:10,1
DA:13,1
DA:15,0
DA:18,1
DA:20,1
DA:32,1
DA:33,1
DA:34,1
DA:35,1
DA:37,1
DA:38,1
DA:40,1
DA:42,1
DA:44,0
DA:45,0
DA:47,0
DA:50,0
DA:51,0
DA:53,0
DA:55,0
DA:57,0
DA:60,0
DA:61,0
DA:63,1
DA:72,3
DA:73,3
DA:83,2
DA:94,0
DA:96,0
DA:97,0
DA:99,0
DA:101,0
DA:105,0
DA:119,0
DA:121,0
DA:122,0
DA:124,0
DA:128,0
LF:38
LH:16
BRDA:13,0,0,0
BRDA:13,0,1,1
BRDA:40,1,0,0
BRDA:40,1,1,1
BRDA:42,2,0,1
BRDA:42,2,1,0
BRDA:45,3,0,0
BRDA:45,3,1,0
BRDA:51,4,0,0
BRDA:51,4,1,0
BRDA:55,5,0,0
BRDA:55,5,1,0
BRDA:70,6,0,0
BRDA:70,7,0,1
BRDA:94,8,0,0
BRDA:94,8,1,0
BRDA:99,9,0,0
BRDA:99,9,1,0
BRDA:122,10,0,0
BRDA:122,10,1,0
BRF:20
BRH:4
end_of_record
TN:
SF:/Users/Andy/Workspace/Web/flapjs/src/util/localization/LocaleString.jsx
FN:11,(anonymous_0)
FN:17,(anonymous_1)
FN:25,(anonymous_2)
FNF:3
FNH:3
FNDA:1,(anonymous_0)
FNDA:1,(anonymous_1)
FNDA:2,(anonymous_2)
DA:13,1
DA:19,1
DA:20,1
DA:21,1
DA:23,1
DA:25,2
DA:31,2
DA:35,2
LF:8
LH:8
BRF:0
BRH:0
end_of_record
TN:
SF:/Users/Andy/Workspace/Web/flapjs/src/util/localization/LocalizationContext.jsx
FN:27,(anonymous_0)
FN:31,(anonymous_1)
FN:41,(anonymous_2)
FN:51,(anonymous_3)
FN:91,(anonymous_4)
FN:95,(anonymous_5)
FN:118,(anonymous_6)
FN:124,(anonymous_7)
FN:131,(anonymous_8)
FN:148,getDefaultEntityTranslation
FN:160,getLanguageAssetURL
FN:174,loadLocale
FN:183,(anonymous_12)
FN:190,(anonymous_13)
FNF:14
FNH:11
FNDA:0,(anonymous_0)
FNDA:0,(anonymous_1)
FNDA:1,(anonymous_2)
FNDA:2,(anonymous_3)
FNDA:1,(anonymous_4)
FNDA:1,(anonymous_5)
FNDA:1,(anonymous_6)
FNDA:1,(anonymous_7)
FNDA:2,(anonymous_8)
FNDA:2,getDefaultEntityTranslation
FNDA:1,getLanguageAssetURL
FNDA:1,loadLocale
FNDA:1,(anonymous_12)
FNDA:0,(anonymous_13)
DA:7,2
DA:12,2
DA:13,2
DA:22,2
DA:25,2
DA:29,0
DA:33,0
DA:37,2
DA:43,1
DA:46,1
DA:49,1
DA:53,2
DA:55,2
DA:58,1
DA:62,1
DA:63,1
DA:65,0
DA:70,1
DA:72,1
DA:73,1
DA:75,0
DA:80,1
DA:86,0
DA:93,1
DA:95,1
DA:97,1
DA:100,0
DA:102,0
DA:106,0
DA:111,1
DA:112,1
DA:120,1
DA:127,1
DA:133,2
DA:140,2
DA:144,2
DA:150,2
DA:152,0
DA:156,2
DA:162,1
DA:176,1
DA:179,1
DA:182,1
DA:186,1
DA:188,1
DA:192,0
DA:195,0
DA:197,0
DA:202,0
DA:207,2
LF:50
LH:37
BRDA:55,0,0,1
BRDA:55,0,1,1
BRDA:63,1,0,0
BRDA:63,1,1,1
BRDA:70,2,0,1
BRDA:70,2,1,0
BRDA:73,3,0,0
BRDA:73,3,1,1
BRDA:93,4,0,0
BRDA:93,4,1,1
BRDA:97,5,0,1
BRDA:97,5,1,0
BRDA:100,6,0,0
BRDA:100,6,1,0
BRDA:111,7,0,0
BRDA:111,7,1,1
BRDA:150,8,0,0
BRDA:150,8,1,2
BRDA:176,9,0,1
BRDA:176,9,1,0
BRF:20
BRH:10
end_of_record
TN:
SF:/Users/Andy/Workspace/Web/flapjs/src/util/storybook/Fullscreen.js
FN:3,(anonymous_0)
FNF:1
FNH:1
FNDA:3,(anonymous_0)
DA:3,3
LF:1
LH:1
BRF:0
BRH:0
end_of_record
TN:
SF:/Users/Andy/Workspace/Web/flapjs/src/util/storybook/PropKnobs.js
FN:7,getKnobForPropType
FN:18,(anonymous_1)
FN:18,(anonymous_2)
FN:20,(anonymous_3)
FN:20,(anonymous_4)
FN:47,propKnobs
FNF:6
FNH:3
FNDA:39,getKnobForPropType
FNDA:0,(anonymous_1)
FNDA:0,(anonymous_2)
FNDA:7,(anonymous_3)
FNDA:0,(anonymous_4)
FNDA:16,propKnobs
DA:9,39
DA:11,10
DA:12,0
DA:13,4
DA:14,1
DA:15,0
DA:16,4
DA:18,0
DA:20,7
DA:22,13
DA:50,16
DA:52,0
DA:53,0
DA:54,0
DA:55,0
DA:60,16
DA:62,0
DA:63,0
DA:64,0
DA:65,0
DA:66,0
DA:69,16
DA:71,16
DA:73,16
DA:74,16
DA:76,16
DA:77,16
DA:78,14
DA:79,14
DA:81,14
DA:83,39
DA:86,39
DA:88,39
DA:90,39
DA:92,39
DA:94,0
DA:96,0
DA:99,39
DA:101,39
DA:103,39
DA:107,14
LF:41
LH:27
BRDA:9,0,0,10
BRDA:9,0,1,0
BRDA:9,0,2,4
BRDA:9,0,3,1
BRDA:9,0,4,0
BRDA:9,0,5,4
BRDA:9,0,6,0
BRDA:9,0,7,7
BRDA:9,0,8,13
BRDA:47,1,0,0
BRDA:47,2,0,8
BRDA:50,3,0,0
BRDA:50,3,1,16
BRDA:60,4,0,0
BRDA:60,4,1,16
BRDA:71,5,0,16
BRDA:71,5,1,0
BRDA:71,6,0,16
BRDA:71,6,1,16
BRDA:77,7,0,2
BRDA:77,7,1,14
BRDA:78,8,0,0
BRDA:78,8,1,14
BRDA:79,9,0,6
BRDA:79,9,1,8
BRDA:79,10,0,14
BRDA:79,10,1,12
BRDA:86,11,0,0
BRDA:86,11,1,39
BRDA:86,12,0,39
BRDA:86,12,1,0
BRDA:90,13,0,39
BRDA:90,13,1,0
BRDA:94,14,0,0
BRDA:94,14,1,0
BRDA:94,15,0,0
BRDA:94,15,1,0
BRDA:101,16,0,39
BRDA:101,16,1,0
BRF:39
BRH:23
end_of_record
